Using pre-set license
Built from '2022.3/staging' branch; Version is '2022.3.4f1 (35713cd46cd7) revision 3502396'; Using compiler version '192829333'; Build Type 'Release'
OS: 'Windows 10  (10.0.19045) 64bit Enterprise' Language: 'tr' Physical Memory: 16252 MB
BatchMode: 1, IsHumanControllingUs: 0, StartBugReporterOnCrash: 0, Is64bit: 1, IsPro: 1

COMMAND LINE ARGUMENTS:
C:\Program Files\Unity\Hub\Editor\2022.3.4f1\Editor\Unity.exe
-adb2
-batchMode
-noUpm
-name
AssetImportWorker1
-projectPath
C:/Pacman
-logFile
Logs/AssetImportWorker1.log
-srvPort
54744
Successfully changed project path to: C:/Pacman
C:/Pacman
[UnityMemory] Configuration Parameters - Can be set up in boot.config
    "memorysetup-bucket-allocator-granularity=16"
    "memorysetup-bucket-allocator-bucket-count=8"
    "memorysetup-bucket-allocator-block-size=33554432"
    "memorysetup-bucket-allocator-block-count=8"
    "memorysetup-main-allocator-block-size=16777216"
    "memorysetup-thread-allocator-block-size=16777216"
    "memorysetup-gfx-main-allocator-block-size=16777216"
    "memorysetup-gfx-thread-allocator-block-size=16777216"
    "memorysetup-cache-allocator-block-size=4194304"
    "memorysetup-typetree-allocator-block-size=2097152"
    "memorysetup-profiler-bucket-allocator-granularity=16"
    "memorysetup-profiler-bucket-allocator-bucket-count=8"
    "memorysetup-profiler-bucket-allocator-block-size=33554432"
    "memorysetup-profiler-bucket-allocator-block-count=8"
    "memorysetup-profiler-allocator-block-size=16777216"
    "memorysetup-profiler-editor-allocator-block-size=1048576"
    "memorysetup-temp-allocator-size-main=16777216"
    "memorysetup-job-temp-allocator-block-size=2097152"
    "memorysetup-job-temp-allocator-block-size-background=1048576"
    "memorysetup-job-temp-allocator-reduction-small-platforms=262144"
    "memorysetup-allocator-temp-initial-block-size-main=262144"
    "memorysetup-allocator-temp-initial-block-size-worker=262144"
    "memorysetup-temp-allocator-size-background-worker=32768"
    "memorysetup-temp-allocator-size-job-worker=262144"
    "memorysetup-temp-allocator-size-preload-manager=33554432"
    "memorysetup-temp-allocator-size-nav-mesh-worker=65536"
    "memorysetup-temp-allocator-size-audio-worker=65536"
    "memorysetup-temp-allocator-size-cloud-worker=32768"
    "memorysetup-temp-allocator-size-gi-baking-worker=262144"
    "memorysetup-temp-allocator-size-gfx=262144"
Player connection [15840] Host "[IP] 192.168.159.1 [Port] 0 [Flags] 2 [Guid] 3901275064 [EditorId] 3901275064 [Version] 1048832 [Id] WindowsEditor(7,DESKTOP-D3H5I89) [Debug] 1 [PackageName] WindowsEditor [ProjectName] Editor" joined multi-casting on [225.0.0.222:54997]...

Player connection [15840] Host "[IP] 192.168.159.1 [Port] 0 [Flags] 2 [Guid] 3901275064 [EditorId] 3901275064 [Version] 1048832 [Id] WindowsEditor(7,DESKTOP-D3H5I89) [Debug] 1 [PackageName] WindowsEditor [ProjectName] Editor" joined alternative multi-casting on [225.0.0.222:34997]...

Refreshing native plugins compatible for Editor in 13.51 ms, found 4 plugins.
Preloading 0 native plugins for Editor in 0.00 ms.
Initialize engine version: 2022.3.4f1 (35713cd46cd7)
[Subsystems] Discovering subsystems at path C:/Program Files/Unity/Hub/Editor/2022.3.4f1/Editor/Data/Resources/UnitySubsystems
[Subsystems] Discovering subsystems at path C:/Pacman/Assets
GfxDevice: creating device client; threaded=0; jobified=0
Direct3D:
    Version:  Direct3D 11.0 [level 11.1]
    Renderer: NVIDIA GeForce GTX 1650 Ti (ID=0x1f95)
    Vendor:   NVIDIA
    VRAM:     3962 MB
    Driver:   27.21.14.6230
Initialize mono
Mono path[0] = 'C:/Program Files/Unity/Hub/Editor/2022.3.4f1/Editor/Data/Managed'
Mono path[1] = 'C:/Program Files/Unity/Hub/Editor/2022.3.4f1/Editor/Data/MonoBleedingEdge/lib/mono/unityjit-win32'
Mono config path = 'C:/Program Files/Unity/Hub/Editor/2022.3.4f1/Editor/Data/MonoBleedingEdge/etc'
Using monoOptions --debugger-agent=transport=dt_socket,embedding=1,server=y,suspend=n,address=127.0.0.1:56892
Begin MonoManager ReloadAssembly
Registering precompiled unity dll's ...
Register platform support module: C:/Program Files/Unity/Hub/Editor/2022.3.4f1/Editor/Data/PlaybackEngines/WebGLSupport/UnityEditor.WebGL.Extensions.dll
Register platform support module: C:/Program Files/Unity/Hub/Editor/2022.3.4f1/Editor/Data/PlaybackEngines/AndroidPlayer/UnityEditor.Android.Extensions.dll
Register platform support module: C:/Program Files/Unity/Hub/Editor/2022.3.4f1/Editor/Data/PlaybackEngines/WindowsStandaloneSupport/UnityEditor.WindowsStandalone.Extensions.dll
Registered in 0.015565 seconds.
- Loaded All Assemblies, in  0.383 seconds
Native extension for WindowsStandalone target not found
Native extension for Android target not found
Android Extension - Scanning For ADB Devices 213 ms
Native extension for WebGL target not found
Mono: successfully reloaded assembly
- Finished resetting the current domain, in  0.507 seconds
Domain Reload Profiling: 886ms
	BeginReloadAssembly (105ms)
		ExecutionOrderSort (0ms)
		DisableScriptedObjects (0ms)
		BackupInstance (0ms)
		ReleaseScriptingObjects (0ms)
		CreateAndSetChildDomain (1ms)
	RebuildCommonClasses (34ms)
	RebuildNativeTypeToScriptingClass (11ms)
	initialDomainReloadingComplete (72ms)
	LoadAllAssembliesAndSetupDomain (156ms)
		LoadAssemblies (103ms)
		RebuildTransferFunctionScriptingTraits (0ms)
		AnalyzeDomain (143ms)
			TypeCache.Refresh (142ms)
				TypeCache.ScanAssembly (130ms)
			ScanForSourceGeneratedMonoScriptInfo (0ms)
			ResolveRequiredComponents (0ms)
	FinalizeReload (507ms)
		ReleaseScriptCaches (0ms)
		RebuildScriptCaches (0ms)
		SetupLoadedEditorAssemblies (456ms)
			LogAssemblyErrors (0ms)
			InitializePlatformSupportModulesInManaged (323ms)
			SetLoadedEditorAssemblies (4ms)
			RefreshPlugins (0ms)
			BeforeProcessingInitializeOnLoad (2ms)
			ProcessInitializeOnLoadAttributes (87ms)
			ProcessInitializeOnLoadMethodAttributes (42ms)
			AfterProcessingInitializeOnLoad (0ms)
			EditorAssembliesLoaded (0ms)
		ExecutionOrderSort2 (0ms)
		AwakeInstancesAfterBackupRestoration (0ms)
========================================================================
Worker process is ready to serve import requests
Begin MonoManager ReloadAssembly
Symbol file LoadedFromMemory doesn't match image C:\Pacman\Library\PackageCache\com.unity.visualscripting@1.8.0\Editor\VisualScripting.Core\Dependencies\YamlDotNet\Unity.VisualScripting.YamlDotNet.dll
Symbol file LoadedFromMemory doesn't match image C:\Pacman\Library\PackageCache\com.unity.visualscripting@1.8.0\Editor\VisualScripting.Core\Dependencies\DotNetZip\Unity.VisualScripting.IonicZip.dll
- Loaded All Assemblies, in  0.880 seconds
Refreshing native plugins compatible for Editor in 8.08 ms, found 4 plugins.
Native extension for WindowsStandalone target not found
Native extension for Android target not found
Native extension for WebGL target not found
Mono: successfully reloaded assembly
- Finished resetting the current domain, in  0.572 seconds
Domain Reload Profiling: 1445ms
	BeginReloadAssembly (169ms)
		ExecutionOrderSort (0ms)
		DisableScriptedObjects (6ms)
		BackupInstance (0ms)
		ReleaseScriptingObjects (0ms)
		CreateAndSetChildDomain (33ms)
	RebuildCommonClasses (35ms)
	RebuildNativeTypeToScriptingClass (11ms)
	initialDomainReloadingComplete (51ms)
	LoadAllAssembliesAndSetupDomain (605ms)
		LoadAssemblies (362ms)
		RebuildTransferFunctionScriptingTraits (0ms)
		AnalyzeDomain (312ms)
			TypeCache.Refresh (288ms)
				TypeCache.ScanAssembly (272ms)
			ScanForSourceGeneratedMonoScriptInfo (20ms)
			ResolveRequiredComponents (4ms)
	FinalizeReload (573ms)
		ReleaseScriptCaches (0ms)
		RebuildScriptCaches (0ms)
		SetupLoadedEditorAssemblies (413ms)
			LogAssemblyErrors (0ms)
			InitializePlatformSupportModulesInManaged (27ms)
			SetLoadedEditorAssemblies (3ms)
			RefreshPlugins (0ms)
			BeforeProcessingInitializeOnLoad (87ms)
			ProcessInitializeOnLoadAttributes (248ms)
			ProcessInitializeOnLoadMethodAttributes (36ms)
			AfterProcessingInitializeOnLoad (12ms)
			EditorAssembliesLoaded (0ms)
		ExecutionOrderSort2 (0ms)
		AwakeInstancesAfterBackupRestoration (7ms)
Launched and connected shader compiler UnityShaderCompiler.exe after 0.04 seconds
Refreshing native plugins compatible for Editor in 7.73 ms, found 4 plugins.
Preloading 0 native plugins for Editor in 0.00 ms.
Unloading 3999 Unused Serialized files (Serialized files now loaded: 0)
Unloading 69 unused Assets / (244.9 KB). Loaded Objects now: 4460.
Memory consumption went from 144.1 MB to 143.9 MB.
Total: 4.106400 ms (FindLiveObjects: 0.284000 ms CreateObjectMapping: 0.298900 ms MarkObjects: 3.302100 ms  DeleteObjects: 0.220900 ms)

AssetImportParameters requested are different than current active one (requested -> active):
  custom:container-demuxer-ogg: 62fdf1f143b41e24485cea50d1cbac27 -> 
  custom:video-decoder-ogg-theora: a1e56fd34408186e4bbccfd4996cb3dc -> 
  custom:framework-win-MediaFoundation: 216162199b28c13a410421893ffa2e32 -> 
  custom:CustomObjectIndexerAttribute: 756ad292c208cfabdd7b50bc23989ffe -> 
  custom:container-demuxer-webm: 4f35f7cbe854078d1ac9338744f61a02 -> 
  custom:container-muxer-webm: aa71ff27fc2769a1b78a27578f13a17b -> 
  custom:video-decoder-webm-vp8: 9c59270c3fd7afecdb556c50c9e8de78 -> 
  custom:AudioImporter_EditorPlatform: d09bf68614088b80899f8185d706f6e7 -> 
  custom:video-encoder-webm-vp8: eb34c28f22e8b96e1ab97ce403110664 -> 
  custom:audio-decoder-ogg-vorbis: bf7c407c2cedff20999df2af8eb42d56 -> 
  custom:audio-encoder-webm-vorbis: bf7c407c2cedff20999df2af8eb42d56 -> 
========================================================================
Received Import Request.
  Time since last request: 220487.150100 seconds.
  path: Assets/Pacman
  artifactKey: Guid(131a6b21c8605f84396be9f6751fb6e3) Importer(815301076,1909f56bfc062723c751e8b465ee728b)
Start importing Assets/Pacman using Guid(131a6b21c8605f84396be9f6751fb6e3) Importer(815301076,1909f56bfc062723c751e8b465ee728b)  -> (artifact id: 'e52cdf694c7da2e6d7fca89e5fe2c421') in 0.002164 seconds
Number of updated asset objects reloaded before import = 0
Number of asset objects unloaded after import = 0
========================================================================
Received Prepare
Refreshing native plugins compatible for Editor in 50.00 ms, found 4 plugins.
Preloading 0 native plugins for Editor in 0.00 ms.
Unloading 6 Unused Serialized files (Serialized files now loaded: 0)
Unloading 7 unused Assets / (196.5 KB). Loaded Objects now: 4460.
Memory consumption went from 80.3 MB to 80.1 MB.
Total: 3.686400 ms (FindLiveObjects: 0.293900 ms CreateObjectMapping: 0.287700 ms MarkObjects: 2.978300 ms  DeleteObjects: 0.125600 ms)

Prepare: number of updated asset objects reloaded= 0
AssetImportParameters requested are different than current active one (requested -> active):
  custom:container-demuxer-ogg: 62fdf1f143b41e24485cea50d1cbac27 -> 
  custom:video-decoder-ogg-theora: a1e56fd34408186e4bbccfd4996cb3dc -> 
  custom:framework-win-MediaFoundation: 216162199b28c13a410421893ffa2e32 -> 
  custom:CustomObjectIndexerAttribute: 756ad292c208cfabdd7b50bc23989ffe -> 
  custom:container-demuxer-webm: 4f35f7cbe854078d1ac9338744f61a02 -> 
  custom:container-muxer-webm: aa71ff27fc2769a1b78a27578f13a17b -> 
  custom:video-decoder-webm-vp8: 9c59270c3fd7afecdb556c50c9e8de78 -> 
  custom:SearchIndexIgnoredProperties: e643bd26f0fe6173181afceb89e7c659 -> 
  custom:AudioImporter_EditorPlatform: d09bf68614088b80899f8185d706f6e7 -> 
  custom:video-encoder-webm-vp8: eb34c28f22e8b96e1ab97ce403110664 -> 
  custom:audio-decoder-ogg-vorbis: bf7c407c2cedff20999df2af8eb42d56 -> 
  custom:audio-encoder-webm-vorbis: bf7c407c2cedff20999df2af8eb42d56 -> 
========================================================================
Received Import Request.
  Time since last request: 1119.293251 seconds.
  path: Assets/Scenes/SampleScene.unity
  artifactKey: Guid(2cda990e2423bbf4892e6590ba056729) Importer(2089858483,0ecaa5967403d082aa24f35e1b516d23)
Start importing Assets/Scenes/SampleScene.unity using Guid(2cda990e2423bbf4892e6590ba056729) Importer(2089858483,0ecaa5967403d082aa24f35e1b516d23) Generated GUIDs only implemented for interfaces!
 -> (artifact id: 'dce58e4864328bd83de3b96c8edf404d') in 0.069948 seconds
Number of updated asset objects reloaded before import = 0
Number of asset objects unloaded after import = 1
========================================================================
Received Import Request.
  Time since last request: 260.351027 seconds.
  path: Assets/Sprites/Fruit_Melon.png
  artifactKey: Guid(76efc71326ce0624b86ebac20e4ad950) Importer(2089858483,0ecaa5967403d082aa24f35e1b516d23)
Start importing Assets/Sprites/Fruit_Melon.png using Guid(76efc71326ce0624b86ebac20e4ad950) Importer(2089858483,0ecaa5967403d082aa24f35e1b516d23) Generated GUIDs only implemented for interfaces!
 -> (artifact id: 'cb827d7d5053ce28d0f6702c9cb3da90') in 0.077913 seconds
Number of updated asset objects reloaded before import = 0
Number of asset objects unloaded after import = 3
========================================================================
Received Import Request.
  Time since last request: 0.000015 seconds.
  path: Assets/Sprites/Pellet_Large.png
  artifactKey: Guid(f5539a5cab8e4b0479adf95423fa7c86) Importer(815301076,1909f56bfc062723c751e8b465ee728b)
Start importing Assets/Sprites/Pellet_Large.png using Guid(f5539a5cab8e4b0479adf95423fa7c86) Importer(815301076,1909f56bfc062723c751e8b465ee728b)  -> (artifact id: '06479c5e121b071b5159e2a7f7a0b3bc') in 0.055673 seconds
Number of updated asset objects reloaded before import = 0
Number of asset objects unloaded after import = 3
========================================================================
Received Import Request.
  Time since last request: 0.000017 seconds.
  path: Assets/Sprites/Fruit_GalaxianStarship.png
  artifactKey: Guid(43287113cc1900f44a90a7c880c6c0f6) Importer(815301076,1909f56bfc062723c751e8b465ee728b)
Start importing Assets/Sprites/Fruit_GalaxianStarship.png using Guid(43287113cc1900f44a90a7c880c6c0f6) Importer(815301076,1909f56bfc062723c751e8b465ee728b)  -> (artifact id: '288028dbe073a77816572fa951956179') in 0.011429 seconds
Number of updated asset objects reloaded before import = 0
Number of asset objects unloaded after import = 3
========================================================================
Received Import Request.
  Time since last request: 0.000052 seconds.
  path: Assets/Sprites/Pacman_Death_05.png
  artifactKey: Guid(7ae4f038555669349b19305499ef3267) Importer(2089858483,0ecaa5967403d082aa24f35e1b516d23)
Start importing Assets/Sprites/Pacman_Death_05.png using Guid(7ae4f038555669349b19305499ef3267) Importer(2089858483,0ecaa5967403d082aa24f35e1b516d23) Generated GUIDs only implemented for interfaces!
 -> (artifact id: 'da449d72e0a7bece1fa0fdecd95efaa3') in 0.016849 seconds
Number of updated asset objects reloaded before import = 0
Number of asset objects unloaded after import = 3
========================================================================
Received Import Request.
  Time since last request: 0.000016 seconds.
  path: Assets/Sprites/Fruit_Strawberry.png
  artifactKey: Guid(7f92fd0a6259c0748a3798477124414b) Importer(815301076,1909f56bfc062723c751e8b465ee728b)
Start importing Assets/Sprites/Fruit_Strawberry.png using Guid(7f92fd0a6259c0748a3798477124414b) Importer(815301076,1909f56bfc062723c751e8b465ee728b)  -> (artifact id: '55d2c0750bb964c492bfbf8ecdea9ebc') in 0.009322 seconds
Number of updated asset objects reloaded before import = 0
Number of asset objects unloaded after import = 3
========================================================================
Received Import Request.
  Time since last request: 0.000018 seconds.
  path: Assets/Sprites/Wall_04.png
  artifactKey: Guid(8fe1022521c11cb47a859a6bfb7a6777) Importer(815301076,1909f56bfc062723c751e8b465ee728b)
Start importing Assets/Sprites/Wall_04.png using Guid(8fe1022521c11cb47a859a6bfb7a6777) Importer(815301076,1909f56bfc062723c751e8b465ee728b)  -> (artifact id: 'be32d7da5c6cd24aefdfe162f0bbc6b5') in 0.009523 seconds
Number of updated asset objects reloaded before import = 0
Number of asset objects unloaded after import = 3
========================================================================
Received Import Request.
  Time since last request: 0.000020 seconds.
  path: Assets/Sprites/Fruit_Cherry.png
  artifactKey: Guid(bcf9abba0c5011447aedacaa56f809a4) Importer(2089858483,0ecaa5967403d082aa24f35e1b516d23)
Start importing Assets/Sprites/Fruit_Cherry.png using Guid(bcf9abba0c5011447aedacaa56f809a4) Importer(2089858483,0ecaa5967403d082aa24f35e1b516d23) Generated GUIDs only implemented for interfaces!
 -> (artifact id: 'df0ba22f5da91552949db2e9473fc3b8') in 0.015447 seconds
Number of updated asset objects reloaded before import = 0
Number of asset objects unloaded after import = 3
========================================================================
Received Import Request.
  Time since last request: 0.000013 seconds.
  path: Assets/Sprites/Pellet_Small.png
  artifactKey: Guid(8c3087f14f6c62b4e80b25df0276968e) Importer(2089858483,0ecaa5967403d082aa24f35e1b516d23)
Start importing Assets/Sprites/Pellet_Small.png using Guid(8c3087f14f6c62b4e80b25df0276968e) Importer(2089858483,0ecaa5967403d082aa24f35e1b516d23) Generated GUIDs only implemented for interfaces!
 -> (artifact id: 'e19d79d13723876c19199a1f1aa52d79') in 0.016817 seconds
Number of updated asset objects reloaded before import = 0
Number of asset objects unloaded after import = 3
========================================================================
Received Import Request.
  Time since last request: 0.000013 seconds.
  path: Assets/Sprites/Pacman_Death_04.png
  artifactKey: Guid(5831e314f767e4343be659f70d5311d8) Importer(815301076,1909f56bfc062723c751e8b465ee728b)
Start importing Assets/Sprites/Pacman_Death_04.png using Guid(5831e314f767e4343be659f70d5311d8) Importer(815301076,1909f56bfc062723c751e8b465ee728b)  -> (artifact id: 'db06e19cbb45a7a93cbac3c638b11920') in 0.010836 seconds
Number of updated asset objects reloaded before import = 0
Number of asset objects unloaded after import = 3
========================================================================
Received Import Request.
  Time since last request: 0.000019 seconds.
  path: Assets/Sprites/Pellet_Medium.png
  artifactKey: Guid(f3ad6a179f966804cad0514a2acbf0b0) Importer(2089858483,0ecaa5967403d082aa24f35e1b516d23)
Start importing Assets/Sprites/Pellet_Medium.png using Guid(f3ad6a179f966804cad0514a2acbf0b0) Importer(2089858483,0ecaa5967403d082aa24f35e1b516d23) Generated GUIDs only implemented for interfaces!
 -> (artifact id: '324fe8653e49719e8765df34c492f957') in 0.015067 seconds
Number of updated asset objects reloaded before import = 0
Number of asset objects unloaded after import = 3
========================================================================
Received Import Request.
  Time since last request: 0.000014 seconds.
  path: Assets/Sprites/Ghost_Vulnerable_Blue_02.png
  artifactKey: Guid(d5e15c75b88558b469ecc97990cce215) Importer(2089858483,0ecaa5967403d082aa24f35e1b516d23)
Start importing Assets/Sprites/Ghost_Vulnerable_Blue_02.png using Guid(d5e15c75b88558b469ecc97990cce215) Importer(2089858483,0ecaa5967403d082aa24f35e1b516d23) Generated GUIDs only implemented for interfaces!
 -> (artifact id: '80e3f2c066ff3923922ef348b863a276') in 0.016141 seconds
Number of updated asset objects reloaded before import = 0
Number of asset objects unloaded after import = 3
========================================================================
Received Import Request.
  Time since last request: 0.000010 seconds.
  path: Assets/Sprites/Pacman_Death_06.png
  artifactKey: Guid(2eb4a7f536f928148baff2eeba8af7a0) Importer(815301076,1909f56bfc062723c751e8b465ee728b)
Start importing Assets/Sprites/Pacman_Death_06.png using Guid(2eb4a7f536f928148baff2eeba8af7a0) Importer(815301076,1909f56bfc062723c751e8b465ee728b)  -> (artifact id: 'bbd92014ca459750a81aa96a8f3ed9b1') in 0.014848 seconds
Number of updated asset objects reloaded before import = 0
Number of asset objects unloaded after import = 3
========================================================================
Received Import Request.
  Time since last request: 0.000012 seconds.
  path: Assets/Sprites/Ghost_Vulnerable_Blue_02.png
  artifactKey: Guid(d5e15c75b88558b469ecc97990cce215) Importer(815301076,1909f56bfc062723c751e8b465ee728b)
Start importing Assets/Sprites/Ghost_Vulnerable_Blue_02.png using Guid(d5e15c75b88558b469ecc97990cce215) Importer(815301076,1909f56bfc062723c751e8b465ee728b)  -> (artifact id: '494406ad4866e4f8c13e0a4371bfca7c') in 0.009695 seconds
Number of updated asset objects reloaded before import = 0
Number of asset objects unloaded after import = 3
========================================================================
Received Import Request.
  Time since last request: 0.000017 seconds.
  path: Assets/Sprites/Pacman_Death_09.png
  artifactKey: Guid(d4f6bec92b04f35459999a9696d2a1da) Importer(2089858483,0ecaa5967403d082aa24f35e1b516d23)
Start importing Assets/Sprites/Pacman_Death_09.png using Guid(d4f6bec92b04f35459999a9696d2a1da) Importer(2089858483,0ecaa5967403d082aa24f35e1b516d23) Generated GUIDs only implemented for interfaces!
 -> (artifact id: '4be6d4c7afaba88b9b085bd800f426ed') in 0.014722 seconds
Number of updated asset objects reloaded before import = 0
Number of asset objects unloaded after import = 3
========================================================================
Received Import Request.
  Time since last request: 0.000014 seconds.
  path: Assets/Sprites/Pacman_Death_10.png
  artifactKey: Guid(273b5a5d3e562d3419ecad3222b29217) Importer(815301076,1909f56bfc062723c751e8b465ee728b)
Start importing Assets/Sprites/Pacman_Death_10.png using Guid(273b5a5d3e562d3419ecad3222b29217) Importer(815301076,1909f56bfc062723c751e8b465ee728b)  -> (artifact id: 'b796581f71e92a3ddd399c02e662f686') in 0.012689 seconds
Number of updated asset objects reloaded before import = 0
Number of asset objects unloaded after import = 3
========================================================================
Received Import Request.
  Time since last request: 0.000016 seconds.
  path: Assets/Sprites/Wall_27.png
  artifactKey: Guid(39e3fa3fcbaf196489ad0e7e74bce721) Importer(2089858483,0ecaa5967403d082aa24f35e1b516d23)
Start importing Assets/Sprites/Wall_27.png using Guid(39e3fa3fcbaf196489ad0e7e74bce721) Importer(2089858483,0ecaa5967403d082aa24f35e1b516d23) Generated GUIDs only implemented for interfaces!
 -> (artifact id: '80f208468709bcc5a2afc37c4b86f2f8') in 0.019816 seconds
Number of updated asset objects reloaded before import = 0
Number of asset objects unloaded after import = 3
========================================================================
Received Import Request.
  Time since last request: 0.000016 seconds.
  path: Assets/Sprites/Wall_06.png
  artifactKey: Guid(2cf5def0f3636524eac3f7ccdbe38837) Importer(2089858483,0ecaa5967403d082aa24f35e1b516d23)
Start importing Assets/Sprites/Wall_06.png using Guid(2cf5def0f3636524eac3f7ccdbe38837) Importer(2089858483,0ecaa5967403d082aa24f35e1b516d23) Generated GUIDs only implemented for interfaces!
 -> (artifact id: 'af7d901a2993bc2ca6ba1419969ed611') in 0.016649 seconds
Number of updated asset objects reloaded before import = 0
Number of asset objects unloaded after import = 3
========================================================================
Received Import Request.
  Time since last request: 0.000017 seconds.
  path: Assets/Sprites/Node.png
  artifactKey: Guid(73ec44e4741057941bfbfd484bd0ff60) Importer(2089858483,0ecaa5967403d082aa24f35e1b516d23)
Start importing Assets/Sprites/Node.png using Guid(73ec44e4741057941bfbfd484bd0ff60) Importer(2089858483,0ecaa5967403d082aa24f35e1b516d23) Generated GUIDs only implemented for interfaces!
 -> (artifact id: '6564e2be14564c621f243eef3d03826a') in 0.016092 seconds
Number of updated asset objects reloaded before import = 0
Number of asset objects unloaded after import = 3
========================================================================
Received Import Request.
  Time since last request: 0.000013 seconds.
  path: Assets/Sprites/Pacman_Death_05.png
  artifactKey: Guid(7ae4f038555669349b19305499ef3267) Importer(815301076,1909f56bfc062723c751e8b465ee728b)
Start importing Assets/Sprites/Pacman_Death_05.png using Guid(7ae4f038555669349b19305499ef3267) Importer(815301076,1909f56bfc062723c751e8b465ee728b)  -> (artifact id: '0086cff7f1a917ee8d9984ec2ee92a9e') in 0.012669 seconds
Number of updated asset objects reloaded before import = 0
Number of asset objects unloaded after import = 3
========================================================================
Received Import Request.
  Time since last request: 0.000015 seconds.
  path: Assets/Sprites/Wall_15.png
  artifactKey: Guid(b3fc314fd1a7e2c4f9bff97a1f89a607) Importer(2089858483,0ecaa5967403d082aa24f35e1b516d23)
Start importing Assets/Sprites/Wall_15.png using Guid(b3fc314fd1a7e2c4f9bff97a1f89a607) Importer(2089858483,0ecaa5967403d082aa24f35e1b516d23) Generated GUIDs only implemented for interfaces!
 -> (artifact id: 'fa2d55c6710ad748f17ffa46a0bcd8a4') in 0.014992 seconds
Number of updated asset objects reloaded before import = 0
Number of asset objects unloaded after import = 3
========================================================================
Received Import Request.
  Time since last request: 0.000027 seconds.
  path: Assets/Sprites/Pacman_Death_08.png
  artifactKey: Guid(6767e4473f995a2408eec5b583ded67a) Importer(2089858483,0ecaa5967403d082aa24f35e1b516d23)
Start importing Assets/Sprites/Pacman_Death_08.png using Guid(6767e4473f995a2408eec5b583ded67a) Importer(2089858483,0ecaa5967403d082aa24f35e1b516d23) Generated GUIDs only implemented for interfaces!
 -> (artifact id: '59c30b11b73f89693c33b6f7baf0610c') in 0.017343 seconds
Number of updated asset objects reloaded before import = 0
Number of asset objects unloaded after import = 3
========================================================================
Received Import Request.
  Time since last request: 0.000017 seconds.
  path: Assets/Sprites/Wall_16.png
  artifactKey: Guid(369fed99b29f81d4d926569de4472465) Importer(2089858483,0ecaa5967403d082aa24f35e1b516d23)
Start importing Assets/Sprites/Wall_16.png using Guid(369fed99b29f81d4d926569de4472465) Importer(2089858483,0ecaa5967403d082aa24f35e1b516d23) Generated GUIDs only implemented for interfaces!
 -> (artifact id: 'fa487d1d6478a7178a52203d99aeadb7') in 0.015357 seconds
Number of updated asset objects reloaded before import = 0
Number of asset objects unloaded after import = 3
========================================================================
Received Import Request.
  Time since last request: 0.000034 seconds.
  path: Assets/Sprites/Wall_31.png
  artifactKey: Guid(2b5a88d05512c574f8fbefbe5cbc71e9) Importer(2089858483,0ecaa5967403d082aa24f35e1b516d23)
Start importing Assets/Sprites/Wall_31.png using Guid(2b5a88d05512c574f8fbefbe5cbc71e9) Importer(2089858483,0ecaa5967403d082aa24f35e1b516d23) Generated GUIDs only implemented for interfaces!
 -> (artifact id: '93997ac6ca633aa3a0ad48b6cbbea4f5') in 0.015231 seconds
Number of updated asset objects reloaded before import = 0
Number of asset objects unloaded after import = 3
========================================================================
Received Import Request.
  Time since last request: 0.000017 seconds.
  path: Assets/Sprites/Pacman_Death_06.png
  artifactKey: Guid(2eb4a7f536f928148baff2eeba8af7a0) Importer(2089858483,0ecaa5967403d082aa24f35e1b516d23)
Start importing Assets/Sprites/Pacman_Death_06.png using Guid(2eb4a7f536f928148baff2eeba8af7a0) Importer(2089858483,0ecaa5967403d082aa24f35e1b516d23) Generated GUIDs only implemented for interfaces!
 -> (artifact id: 'e6892c20bd6060b25afe66e241493d08') in 0.014653 seconds
Number of updated asset objects reloaded before import = 0
Number of asset objects unloaded after import = 3
========================================================================
Received Import Request.
  Time since last request: 0.000013 seconds.
  path: Assets/Sprites/Fruit_Orange.png
  artifactKey: Guid(1f934a213c2899840a159f72b7f44e57) Importer(2089858483,0ecaa5967403d082aa24f35e1b516d23)
Start importing Assets/Sprites/Fruit_Orange.png using Guid(1f934a213c2899840a159f72b7f44e57) Importer(2089858483,0ecaa5967403d082aa24f35e1b516d23) Generated GUIDs only implemented for interfaces!
 -> (artifact id: 'cc740acbc1daa2c8a004dc644b2a9cd1') in 0.016458 seconds
Number of updated asset objects reloaded before import = 0
Number of asset objects unloaded after import = 3
========================================================================
Received Import Request.
  Time since last request: 0.000016 seconds.
  path: Assets/Sprites/Ghost_Body_02.png
  artifactKey: Guid(6f51e42bf59063c4ab7a5608a42bd23d) Importer(2089858483,0ecaa5967403d082aa24f35e1b516d23)
Start importing Assets/Sprites/Ghost_Body_02.png using Guid(6f51e42bf59063c4ab7a5608a42bd23d) Importer(2089858483,0ecaa5967403d082aa24f35e1b516d23) Generated GUIDs only implemented for interfaces!
 -> (artifact id: '64dbbf7bb156b8f22860155f297dff17') in 0.016138 seconds
Number of updated asset objects reloaded before import = 0
Number of asset objects unloaded after import = 3
========================================================================
Received Import Request.
  Time since last request: 0.000014 seconds.
  path: Assets/Sprites/Pacman_Death_01.png
  artifactKey: Guid(7c2a3428d5369f54e89eac69cd0ee74f) Importer(2089858483,0ecaa5967403d082aa24f35e1b516d23)
Start importing Assets/Sprites/Pacman_Death_01.png using Guid(7c2a3428d5369f54e89eac69cd0ee74f) Importer(2089858483,0ecaa5967403d082aa24f35e1b516d23) Generated GUIDs only implemented for interfaces!
 -> (artifact id: '0065112adee1ea1ce432c4ba7285881c') in 0.015472 seconds
Number of updated asset objects reloaded before import = 0
Number of asset objects unloaded after import = 3
========================================================================
Received Import Request.
  Time since last request: 0.000014 seconds.
  path: Assets/Sprites/Ghost_Eyes_Right.png
  artifactKey: Guid(07ddb51374d9f19458dad756bbbcd880) Importer(815301076,1909f56bfc062723c751e8b465ee728b)
Start importing Assets/Sprites/Ghost_Eyes_Right.png using Guid(07ddb51374d9f19458dad756bbbcd880) Importer(815301076,1909f56bfc062723c751e8b465ee728b)  -> (artifact id: '36e123b6da11768611ed0342c2e70cfb') in 0.011962 seconds
Number of updated asset objects reloaded before import = 0
Number of asset objects unloaded after import = 3
========================================================================
Received Import Request.
  Time since last request: 0.000012 seconds.
  path: Assets/Sprites/Wall_30.png
  artifactKey: Guid(6f115c8eee0d491419895b53625f41dc) Importer(2089858483,0ecaa5967403d082aa24f35e1b516d23)
Start importing Assets/Sprites/Wall_30.png using Guid(6f115c8eee0d491419895b53625f41dc) Importer(2089858483,0ecaa5967403d082aa24f35e1b516d23) Generated GUIDs only implemented for interfaces!
 -> (artifact id: '93b6290b9656b08cfd821292238fa153') in 0.014616 seconds
Number of updated asset objects reloaded before import = 0
Number of asset objects unloaded after import = 3
========================================================================
Received Import Request.
  Time since last request: 0.000024 seconds.
  path: Assets/Sprites/Ghost_Vulnerable_White_02.png
  artifactKey: Guid(0046507bc33d04343a6bcbf90288aff2) Importer(2089858483,0ecaa5967403d082aa24f35e1b516d23)
Start importing Assets/Sprites/Ghost_Vulnerable_White_02.png using Guid(0046507bc33d04343a6bcbf90288aff2) Importer(2089858483,0ecaa5967403d082aa24f35e1b516d23) Generated GUIDs only implemented for interfaces!
 -> (artifact id: 'b119a261554f16361196985cd2fe90cf') in 0.017027 seconds
Number of updated asset objects reloaded before import = 0
Number of asset objects unloaded after import = 3
========================================================================
Received Import Request.
  Time since last request: 0.000022 seconds.
  path: Assets/Sprites/Pacman_Death_03.png
  artifactKey: Guid(b595a8ceed8117d4cb85975acdec433e) Importer(815301076,1909f56bfc062723c751e8b465ee728b)
Start importing Assets/Sprites/Pacman_Death_03.png using Guid(b595a8ceed8117d4cb85975acdec433e) Importer(815301076,1909f56bfc062723c751e8b465ee728b)  -> (artifact id: '2e7e3ae0ca49680293391a0a1dd9d5cb') in 0.009848 seconds
Number of updated asset objects reloaded before import = 0
Number of asset objects unloaded after import = 3
========================================================================
Received Import Request.
  Time since last request: 0.000015 seconds.
  path: Assets/Sprites/Ghost_Vulnerable_Blue_01.png
  artifactKey: Guid(7031ccde0b7585f4593ec9ccd2626e05) Importer(2089858483,0ecaa5967403d082aa24f35e1b516d23)
Start importing Assets/Sprites/Ghost_Vulnerable_Blue_01.png using Guid(7031ccde0b7585f4593ec9ccd2626e05) Importer(2089858483,0ecaa5967403d082aa24f35e1b516d23) Generated GUIDs only implemented for interfaces!
 -> (artifact id: 'e4d0ad23ac09f2c87daa7840cfd7ae72') in 0.015946 seconds
Number of updated asset objects reloaded before import = 0
Number of asset objects unloaded after import = 3
========================================================================
Received Import Request.
  Time since last request: 0.000012 seconds.
  path: Assets/Sprites/Ghost_Eyes_Up.png
  artifactKey: Guid(7391304e6dcdc594484288107bfd217f) Importer(2089858483,0ecaa5967403d082aa24f35e1b516d23)
Start importing Assets/Sprites/Ghost_Eyes_Up.png using Guid(7391304e6dcdc594484288107bfd217f) Importer(2089858483,0ecaa5967403d082aa24f35e1b516d23) Generated GUIDs only implemented for interfaces!
 -> (artifact id: '4b21be739ecb98e334cfdbccafa8a30f') in 0.015802 seconds
Number of updated asset objects reloaded before import = 0
Number of asset objects unloaded after import = 3
========================================================================
Received Import Request.
  Time since last request: 0.000014 seconds.
  path: Assets/Sprites/Wall_00.png
  artifactKey: Guid(e52ee8a5840dcaf4499f536c1580873c) Importer(2089858483,0ecaa5967403d082aa24f35e1b516d23)
Start importing Assets/Sprites/Wall_00.png using Guid(e52ee8a5840dcaf4499f536c1580873c) Importer(2089858483,0ecaa5967403d082aa24f35e1b516d23) Generated GUIDs only implemented for interfaces!
 -> (artifact id: 'ece610ef3c2a9a1f52a06dd91045f29a') in 0.014277 seconds
Number of updated asset objects reloaded before import = 0
Number of asset objects unloaded after import = 3
========================================================================
Received Import Request.
  Time since last request: 0.000017 seconds.
  path: Assets/Sprites/Pellet_Small.png
  artifactKey: Guid(8c3087f14f6c62b4e80b25df0276968e) Importer(815301076,1909f56bfc062723c751e8b465ee728b)
Start importing Assets/Sprites/Pellet_Small.png using Guid(8c3087f14f6c62b4e80b25df0276968e) Importer(815301076,1909f56bfc062723c751e8b465ee728b)  -> (artifact id: '33bd65a2f7d791c2f7729ecf618975aa') in 0.010808 seconds
Number of updated asset objects reloaded before import = 0
Number of asset objects unloaded after import = 3
========================================================================
Received Import Request.
  Time since last request: 0.000014 seconds.
  path: Assets/Sprites/Ghost_Eyes_Left.png
  artifactKey: Guid(d65aa956b7569874fab274083826a77f) Importer(815301076,1909f56bfc062723c751e8b465ee728b)
Start importing Assets/Sprites/Ghost_Eyes_Left.png using Guid(d65aa956b7569874fab274083826a77f) Importer(815301076,1909f56bfc062723c751e8b465ee728b)  -> (artifact id: 'e1cd228b88ad0c64a073696f2fd94d59') in 0.008010 seconds
Number of updated asset objects reloaded before import = 0
Number of asset objects unloaded after import = 3
========================================================================
Received Import Request.
  Time since last request: 0.000012 seconds.
  path: Assets/Sprites/Pacman_Death_09.png
  artifactKey: Guid(d4f6bec92b04f35459999a9696d2a1da) Importer(815301076,1909f56bfc062723c751e8b465ee728b)
Start importing Assets/Sprites/Pacman_Death_09.png using Guid(d4f6bec92b04f35459999a9696d2a1da) Importer(815301076,1909f56bfc062723c751e8b465ee728b)  -> (artifact id: '1464c8ea5a94b5603b68f4d321369226') in 0.008076 seconds
Number of updated asset objects reloaded before import = 0
Number of asset objects unloaded after import = 3
========================================================================
Received Import Request.
  Time since last request: 0.000025 seconds.
  path: Assets/Sprites/Wall_09.png
  artifactKey: Guid(ea70de09204aca148be4cc456714f7ef) Importer(2089858483,0ecaa5967403d082aa24f35e1b516d23)
Start importing Assets/Sprites/Wall_09.png using Guid(ea70de09204aca148be4cc456714f7ef) Importer(2089858483,0ecaa5967403d082aa24f35e1b516d23) Generated GUIDs only implemented for interfaces!
 -> (artifact id: '407a2fd389358dd561b2079b487e9784') in 0.017250 seconds
Number of updated asset objects reloaded before import = 0
Number of asset objects unloaded after import = 3
========================================================================
Received Import Request.
  Time since last request: 0.000018 seconds.
  path: Assets/Sprites/Ghost_Vulnerable_White_01.png
  artifactKey: Guid(a66fca21a2eaf43459e2fbb561e630d6) Importer(815301076,1909f56bfc062723c751e8b465ee728b)
Start importing Assets/Sprites/Ghost_Vulnerable_White_01.png using Guid(a66fca21a2eaf43459e2fbb561e630d6) Importer(815301076,1909f56bfc062723c751e8b465ee728b)  -> (artifact id: 'c59c99a143abe0b72b434cbc71c84bb5') in 0.007841 seconds
Number of updated asset objects reloaded before import = 0
Number of asset objects unloaded after import = 3
========================================================================
Received Import Request.
  Time since last request: 0.000019 seconds.
  path: Assets/Sprites/Wall_05.png
  artifactKey: Guid(c5111370543b9c74bacb41934c46f6c7) Importer(2089858483,0ecaa5967403d082aa24f35e1b516d23)
Start importing Assets/Sprites/Wall_05.png using Guid(c5111370543b9c74bacb41934c46f6c7) Importer(2089858483,0ecaa5967403d082aa24f35e1b516d23) Generated GUIDs only implemented for interfaces!
 -> (artifact id: '386db1b230124bca6929347def8c69b7') in 0.015171 seconds
Number of updated asset objects reloaded before import = 0
Number of asset objects unloaded after import = 3
========================================================================
Received Import Request.
  Time since last request: 0.000014 seconds.
  path: Assets/Sprites/Pacman_01.png
  artifactKey: Guid(e3b83262a412c74408dba5cbe89f43f5) Importer(815301076,1909f56bfc062723c751e8b465ee728b)
Start importing Assets/Sprites/Pacman_01.png using Guid(e3b83262a412c74408dba5cbe89f43f5) Importer(815301076,1909f56bfc062723c751e8b465ee728b)  -> (artifact id: '09bc5657e2871e36f1177a3adc341c36') in 0.008361 seconds
Number of updated asset objects reloaded before import = 0
Number of asset objects unloaded after import = 3
========================================================================
Received Import Request.
  Time since last request: 0.000012 seconds.
  path: Assets/Sprites/Ghost_Eyes_Right.png
  artifactKey: Guid(07ddb51374d9f19458dad756bbbcd880) Importer(2089858483,0ecaa5967403d082aa24f35e1b516d23)
Start importing Assets/Sprites/Ghost_Eyes_Right.png using Guid(07ddb51374d9f19458dad756bbbcd880) Importer(2089858483,0ecaa5967403d082aa24f35e1b516d23) Generated GUIDs only implemented for interfaces!
 -> (artifact id: '3736affa0860298d91bdea0c5f556ee2') in 0.015501 seconds
Number of updated asset objects reloaded before import = 0
Number of asset objects unloaded after import = 3
========================================================================
Received Import Request.
  Time since last request: 0.000012 seconds.
  path: Assets/Sprites/Pacman_Death_01.png
  artifactKey: Guid(7c2a3428d5369f54e89eac69cd0ee74f) Importer(815301076,1909f56bfc062723c751e8b465ee728b)
Start importing Assets/Sprites/Pacman_Death_01.png using Guid(7c2a3428d5369f54e89eac69cd0ee74f) Importer(815301076,1909f56bfc062723c751e8b465ee728b)  -> (artifact id: '5088d4d5390bdd880c64108bf130e722') in 0.008563 seconds
Number of updated asset objects reloaded before import = 0
Number of asset objects unloaded after import = 3
========================================================================
Received Import Request.
  Time since last request: 0.000013 seconds.
  path: Assets/Sprites/Pacman_Death_07.png
  artifactKey: Guid(2218b2226c23db74c8e39a743542e2e3) Importer(2089858483,0ecaa5967403d082aa24f35e1b516d23)
Start importing Assets/Sprites/Pacman_Death_07.png using Guid(2218b2226c23db74c8e39a743542e2e3) Importer(2089858483,0ecaa5967403d082aa24f35e1b516d23) Generated GUIDs only implemented for interfaces!
 -> (artifact id: 'ba70c244b50df2cc036dec2604a85a5c') in 0.016529 seconds
Number of updated asset objects reloaded before import = 0
Number of asset objects unloaded after import = 3
========================================================================
Received Import Request.
  Time since last request: 0.000025 seconds.
  path: Assets/Sprites/Wall_32.png
  artifactKey: Guid(136f271ecf4824245a51cb283d33d5fc) Importer(2089858483,0ecaa5967403d082aa24f35e1b516d23)
Start importing Assets/Sprites/Wall_32.png using Guid(136f271ecf4824245a51cb283d33d5fc) Importer(2089858483,0ecaa5967403d082aa24f35e1b516d23) Generated GUIDs only implemented for interfaces!
 -> (artifact id: '1b8f8feffbdb13d1eecc4f0891d097ba') in 0.014627 seconds
Number of updated asset objects reloaded before import = 0
Number of asset objects unloaded after import = 3
========================================================================
Received Import Request.
  Time since last request: 0.000012 seconds.
  path: Assets/Sprites/Pacman_Death_07.png
  artifactKey: Guid(2218b2226c23db74c8e39a743542e2e3) Importer(815301076,1909f56bfc062723c751e8b465ee728b)
Start importing Assets/Sprites/Pacman_Death_07.png using Guid(2218b2226c23db74c8e39a743542e2e3) Importer(815301076,1909f56bfc062723c751e8b465ee728b)  -> (artifact id: 'e9e4a9b7ed7794ee6de04bc2ae240e11') in 0.008360 seconds
Number of updated asset objects reloaded before import = 0
Number of asset objects unloaded after import = 3
========================================================================
Received Import Request.
  Time since last request: 0.000013 seconds.
  path: Assets/Sprites/Pacman_03.png
  artifactKey: Guid(f8f2ab5881c3e9949bf4ffe9525a0fb7) Importer(2089858483,0ecaa5967403d082aa24f35e1b516d23)
Start importing Assets/Sprites/Pacman_03.png using Guid(f8f2ab5881c3e9949bf4ffe9525a0fb7) Importer(2089858483,0ecaa5967403d082aa24f35e1b516d23) Generated GUIDs only implemented for interfaces!
 -> (artifact id: '0faccf0cd4f6b356cbb2fa772b8d4eaa') in 0.016533 seconds
Number of updated asset objects reloaded before import = 0
Number of asset objects unloaded after import = 3
========================================================================
Received Import Request.
  Time since last request: 0.000014 seconds.
  path: Assets/Sprites/Ghost_Eyes_Down.png
  artifactKey: Guid(b97167c35748db84fb4d32f4f242922a) Importer(2089858483,0ecaa5967403d082aa24f35e1b516d23)
Start importing Assets/Sprites/Ghost_Eyes_Down.png using Guid(b97167c35748db84fb4d32f4f242922a) Importer(2089858483,0ecaa5967403d082aa24f35e1b516d23) Generated GUIDs only implemented for interfaces!
 -> (artifact id: 'e02b7a6efa91d79d053ff12fab357772') in 0.016561 seconds
Number of updated asset objects reloaded before import = 0
Number of asset objects unloaded after import = 3
========================================================================
Received Import Request.
  Time since last request: 0.000014 seconds.
  path: Assets/Sprites/Ghost_Body_01.png
  artifactKey: Guid(afc3b534b8a93544984cf1676ba61ae4) Importer(2089858483,0ecaa5967403d082aa24f35e1b516d23)
Start importing Assets/Sprites/Ghost_Body_01.png using Guid(afc3b534b8a93544984cf1676ba61ae4) Importer(2089858483,0ecaa5967403d082aa24f35e1b516d23) Generated GUIDs only implemented for interfaces!
 -> (artifact id: '84b5ddd9974b7a9bdf82111c231f3b84') in 0.016237 seconds
Number of updated asset objects reloaded before import = 0
Number of asset objects unloaded after import = 3
========================================================================
Received Import Request.
  Time since last request: 0.000015 seconds.
  path: Assets/Sprites/Wall_19.png
  artifactKey: Guid(ca95097f2fe56674ba66a459ac8d79ac) Importer(2089858483,0ecaa5967403d082aa24f35e1b516d23)
Start importing Assets/Sprites/Wall_19.png using Guid(ca95097f2fe56674ba66a459ac8d79ac) Importer(2089858483,0ecaa5967403d082aa24f35e1b516d23) Generated GUIDs only implemented for interfaces!
 -> (artifact id: '0dfe74f7bc994f567401512c05fe4872') in 0.016216 seconds
Number of updated asset objects reloaded before import = 0
Number of asset objects unloaded after import = 3
========================================================================
Received Import Request.
  Time since last request: 0.000021 seconds.
  path: Assets/Sprites/Wall_18.png
  artifactKey: Guid(53978c6de61208b4f9d41556ed2089f6) Importer(2089858483,0ecaa5967403d082aa24f35e1b516d23)
Start importing Assets/Sprites/Wall_18.png using Guid(53978c6de61208b4f9d41556ed2089f6) Importer(2089858483,0ecaa5967403d082aa24f35e1b516d23) Generated GUIDs only implemented for interfaces!
 -> (artifact id: 'c9163f99b08c39e9407c7be78b0e4a5a') in 0.016026 seconds
Number of updated asset objects reloaded before import = 0
Number of asset objects unloaded after import = 3
========================================================================
Received Import Request.
  Time since last request: 0.000016 seconds.
  path: Assets/Sprites/Wall_02.png
  artifactKey: Guid(1e35994e85d4e06438561e6d4289e2d3) Importer(2089858483,0ecaa5967403d082aa24f35e1b516d23)
Start importing Assets/Sprites/Wall_02.png using Guid(1e35994e85d4e06438561e6d4289e2d3) Importer(2089858483,0ecaa5967403d082aa24f35e1b516d23) Generated GUIDs only implemented for interfaces!
 -> (artifact id: '0133456e04aab99076a9828caee7a011') in 0.015346 seconds
Number of updated asset objects reloaded before import = 0
Number of asset objects unloaded after import = 3
========================================================================
Received Import Request.
  Time since last request: 0.000019 seconds.
  path: Assets/Sprites/Wall_22.png
  artifactKey: Guid(5d893e4abcbcea6468a26182ad2b8837) Importer(2089858483,0ecaa5967403d082aa24f35e1b516d23)
Start importing Assets/Sprites/Wall_22.png using Guid(5d893e4abcbcea6468a26182ad2b8837) Importer(2089858483,0ecaa5967403d082aa24f35e1b516d23) Generated GUIDs only implemented for interfaces!
 -> (artifact id: '1330755ddc29c1ba8dc0133f7d928881') in 0.018620 seconds
Number of updated asset objects reloaded before import = 0
Number of asset objects unloaded after import = 3
========================================================================
Received Import Request.
  Time since last request: 0.000014 seconds.
  path: Assets/Sprites/Ghost_Eyes_Down.png
  artifactKey: Guid(b97167c35748db84fb4d32f4f242922a) Importer(815301076,1909f56bfc062723c751e8b465ee728b)
Start importing Assets/Sprites/Ghost_Eyes_Down.png using Guid(b97167c35748db84fb4d32f4f242922a) Importer(815301076,1909f56bfc062723c751e8b465ee728b)  -> (artifact id: 'ae1447d08929ffc31a18a47ddb758612') in 0.007866 seconds
Number of updated asset objects reloaded before import = 0
Number of asset objects unloaded after import = 3
========================================================================
Received Import Request.
  Time since last request: 0.000018 seconds.
  path: Assets/Sprites/Pacman_03.png
  artifactKey: Guid(f8f2ab5881c3e9949bf4ffe9525a0fb7) Importer(815301076,1909f56bfc062723c751e8b465ee728b)
Start importing Assets/Sprites/Pacman_03.png using Guid(f8f2ab5881c3e9949bf4ffe9525a0fb7) Importer(815301076,1909f56bfc062723c751e8b465ee728b)  -> (artifact id: 'bbe3e413011f2e7be166f1c1ab18c26d') in 0.008398 seconds
Number of updated asset objects reloaded before import = 0
Number of asset objects unloaded after import = 3
========================================================================
Received Import Request.
  Time since last request: 0.000026 seconds.
  path: Assets/Sprites/Pacman_Death_02.png
  artifactKey: Guid(c2677ca0e0dc70f42a7f29031ae0a7d5) Importer(2089858483,0ecaa5967403d082aa24f35e1b516d23)
Start importing Assets/Sprites/Pacman_Death_02.png using Guid(c2677ca0e0dc70f42a7f29031ae0a7d5) Importer(2089858483,0ecaa5967403d082aa24f35e1b516d23) Generated GUIDs only implemented for interfaces!
 -> (artifact id: 'aeccc3222526a1a4e86b013465b116aa') in 0.016444 seconds
Number of updated asset objects reloaded before import = 0
Number of asset objects unloaded after import = 3
========================================================================
Received Import Request.
  Time since last request: 0.000015 seconds.
  path: Assets/Sprites/Ghost_Eyes_Left.png
  artifactKey: Guid(d65aa956b7569874fab274083826a77f) Importer(2089858483,0ecaa5967403d082aa24f35e1b516d23)
Start importing Assets/Sprites/Ghost_Eyes_Left.png using Guid(d65aa956b7569874fab274083826a77f) Importer(2089858483,0ecaa5967403d082aa24f35e1b516d23) Generated GUIDs only implemented for interfaces!
 -> (artifact id: '4e9b4356f34ecbe900b4acd726aad5cb') in 0.016200 seconds
Number of updated asset objects reloaded before import = 0
Number of asset objects unloaded after import = 3
========================================================================
Received Import Request.
  Time since last request: 18.566089 seconds.
  path: Assets/Sprites/Wall_07.png
  artifactKey: Guid(22b85c5a1b35f6344bea572b841882b1) Importer(815301076,1909f56bfc062723c751e8b465ee728b)
Start importing Assets/Sprites/Wall_07.png using Guid(22b85c5a1b35f6344bea572b841882b1) Importer(815301076,1909f56bfc062723c751e8b465ee728b)  -> (artifact id: '12e92c8b6cc6a6619ac9cfeb0b6795b5') in 0.008644 seconds
Number of updated asset objects reloaded before import = 0
Number of asset objects unloaded after import = 3
========================================================================
Received Import Request.
  Time since last request: 0.000013 seconds.
  path: Assets/Sprites/Wall_09.png
  artifactKey: Guid(ea70de09204aca148be4cc456714f7ef) Importer(815301076,1909f56bfc062723c751e8b465ee728b)
Start importing Assets/Sprites/Wall_09.png using Guid(ea70de09204aca148be4cc456714f7ef) Importer(815301076,1909f56bfc062723c751e8b465ee728b)  -> (artifact id: 'd10d8c51bbf75984abb6fa61f8da013a') in 0.021174 seconds
Number of updated asset objects reloaded before import = 0
Number of asset objects unloaded after import = 3
========================================================================
Received Import Request.
  Time since last request: 0.000021 seconds.
  path: Assets/Sprites/Wall_12.png
  artifactKey: Guid(8d65a6fd64925c141847db8ffa1b186f) Importer(815301076,1909f56bfc062723c751e8b465ee728b)
Start importing Assets/Sprites/Wall_12.png using Guid(8d65a6fd64925c141847db8ffa1b186f) Importer(815301076,1909f56bfc062723c751e8b465ee728b)  -> (artifact id: '05ce54eb8332abb19fb65b2c3ce52eec') in 0.024588 seconds
Number of updated asset objects reloaded before import = 0
Number of asset objects unloaded after import = 3
========================================================================
Received Import Request.
  Time since last request: 0.000015 seconds.
  path: Assets/Sprites/Wall_10.png
  artifactKey: Guid(d7b8d195d13895a43a865dbf51e0f9d5) Importer(815301076,1909f56bfc062723c751e8b465ee728b)
Start importing Assets/Sprites/Wall_10.png using Guid(d7b8d195d13895a43a865dbf51e0f9d5) Importer(815301076,1909f56bfc062723c751e8b465ee728b)  -> (artifact id: '9fdd9e317d31f8187bb05075a886bda3') in 0.027102 seconds
Number of updated asset objects reloaded before import = 0
Number of asset objects unloaded after import = 3
========================================================================
Received Import Request.
  Time since last request: 0.000015 seconds.
  path: Assets/Sprites/Wall_16.png
  artifactKey: Guid(369fed99b29f81d4d926569de4472465) Importer(815301076,1909f56bfc062723c751e8b465ee728b)
Start importing Assets/Sprites/Wall_16.png using Guid(369fed99b29f81d4d926569de4472465) Importer(815301076,1909f56bfc062723c751e8b465ee728b)  -> (artifact id: 'ef0f1ffc580ff63f46a05d38e9a6c5d5') in 0.010179 seconds
Number of updated asset objects reloaded before import = 0
Number of asset objects unloaded after import = 3
========================================================================
Received Import Request.
  Time since last request: 0.000016 seconds.
  path: Assets/Sprites/Wall_24.png
  artifactKey: Guid(3ba0ad1f842285948b092fe1a77f1370) Importer(815301076,1909f56bfc062723c751e8b465ee728b)
Start importing Assets/Sprites/Wall_24.png using Guid(3ba0ad1f842285948b092fe1a77f1370) Importer(815301076,1909f56bfc062723c751e8b465ee728b)  -> (artifact id: 'b6a3427a3046b3cf1615fed19bff9ab8') in 0.033178 seconds
Number of updated asset objects reloaded before import = 0
Number of asset objects unloaded after import = 3
========================================================================
Received Import Request.
  Time since last request: 0.000030 seconds.
  path: Assets/Sprites/Wall_25.png
  artifactKey: Guid(390315a1a73bd8842aa4f2e05efe647a) Importer(815301076,1909f56bfc062723c751e8b465ee728b)
Start importing Assets/Sprites/Wall_25.png using Guid(390315a1a73bd8842aa4f2e05efe647a) Importer(815301076,1909f56bfc062723c751e8b465ee728b)  -> (artifact id: 'd0d6885ff6a0b93fe1280aae0d9017d9') in 0.009992 seconds
Number of updated asset objects reloaded before import = 0
Number of asset objects unloaded after import = 3
========================================================================
Received Import Request.
  Time since last request: 0.000019 seconds.
  path: Assets/Sprites/Wall_31.png
  artifactKey: Guid(2b5a88d05512c574f8fbefbe5cbc71e9) Importer(815301076,1909f56bfc062723c751e8b465ee728b)
Start importing Assets/Sprites/Wall_31.png using Guid(2b5a88d05512c574f8fbefbe5cbc71e9) Importer(815301076,1909f56bfc062723c751e8b465ee728b)  -> (artifact id: 'bc0bf92f2ef44c7b46288e209017361f') in 0.061518 seconds
Number of updated asset objects reloaded before import = 0
Number of asset objects unloaded after import = 3
========================================================================
Received Import Request.
  Time since last request: 0.000016 seconds.
  path: Assets/Sprites/Wall_28.png
  artifactKey: Guid(57ac5c6063b92b44ba0ee5bec9055a6f) Importer(815301076,1909f56bfc062723c751e8b465ee728b)
Start importing Assets/Sprites/Wall_28.png using Guid(57ac5c6063b92b44ba0ee5bec9055a6f) Importer(815301076,1909f56bfc062723c751e8b465ee728b)  -> (artifact id: 'da8a487856e4baab3ae36d2702ec731a') in 0.023658 seconds
Number of updated asset objects reloaded before import = 0
Number of asset objects unloaded after import = 3
========================================================================
Received Import Request.
  Time since last request: 0.000017 seconds.
  path: Assets/Sprites/Wall_26.png
  artifactKey: Guid(4a3f1f82d57cce44b938b9061baccc56) Importer(815301076,1909f56bfc062723c751e8b465ee728b)
Start importing Assets/Sprites/Wall_26.png using Guid(4a3f1f82d57cce44b938b9061baccc56) Importer(815301076,1909f56bfc062723c751e8b465ee728b)  -> (artifact id: '33071a8c6340093e93b3472346fa589c') in 0.007557 seconds
Number of updated asset objects reloaded before import = 0
Number of asset objects unloaded after import = 3
========================================================================
Received Import Request.
  Time since last request: 0.000015 seconds.
  path: Assets/Sprites/Wall_37.png
  artifactKey: Guid(b1372eb48ab258e4d9cc78b4b8ae51e9) Importer(815301076,1909f56bfc062723c751e8b465ee728b)
Start importing Assets/Sprites/Wall_37.png using Guid(b1372eb48ab258e4d9cc78b4b8ae51e9) Importer(815301076,1909f56bfc062723c751e8b465ee728b)  -> (artifact id: '4cb090a7e8d7ed99f095f9245ac7d896') in 0.008239 seconds
Number of updated asset objects reloaded before import = 0
Number of asset objects unloaded after import = 3
========================================================================
Received Import Request.
  Time since last request: 37.167209 seconds.
  path: Assets/Sprites/Wall_14.png
  artifactKey: Guid(c0414a577e42f6b428c98cb22b1c6ab8) Importer(815301076,1909f56bfc062723c751e8b465ee728b)
Start importing Assets/Sprites/Wall_14.png using Guid(c0414a577e42f6b428c98cb22b1c6ab8) Importer(815301076,1909f56bfc062723c751e8b465ee728b)  -> (artifact id: '3878372e8beb68a3b0c7587b4c5de70e') in 0.035144 seconds
Number of updated asset objects reloaded before import = 0
Number of asset objects unloaded after import = 3
========================================================================
Received Import Request.
  Time since last request: 0.000021 seconds.
  path: Assets/Sprites/Wall_37.png
  artifactKey: Guid(b1372eb48ab258e4d9cc78b4b8ae51e9) Importer(815301076,1909f56bfc062723c751e8b465ee728b)
Start importing Assets/Sprites/Wall_37.png using Guid(b1372eb48ab258e4d9cc78b4b8ae51e9) Importer(815301076,1909f56bfc062723c751e8b465ee728b)  -> (artifact id: '6b802745513db9192a97e36d1ab7c574') in 0.051597 seconds
Number of updated asset objects reloaded before import = 0
Number of asset objects unloaded after import = 3
========================================================================
Received Import Request.
  Time since last request: 0.000021 seconds.
  path: Assets/Sprites/Wall_27.png
  artifactKey: Guid(39e3fa3fcbaf196489ad0e7e74bce721) Importer(815301076,1909f56bfc062723c751e8b465ee728b)
Start importing Assets/Sprites/Wall_27.png using Guid(39e3fa3fcbaf196489ad0e7e74bce721) Importer(815301076,1909f56bfc062723c751e8b465ee728b)  -> (artifact id: '27aae78e4b06dd3164659aa6eb3bd8c0') in 0.032382 seconds
Number of updated asset objects reloaded before import = 0
Number of asset objects unloaded after import = 3
========================================================================
Received Import Request.
  Time since last request: 0.000017 seconds.
  path: Assets/Sprites/Wall_34.png
  artifactKey: Guid(336cb5f821d09e94ca211f1a42e47428) Importer(815301076,1909f56bfc062723c751e8b465ee728b)
Start importing Assets/Sprites/Wall_34.png using Guid(336cb5f821d09e94ca211f1a42e47428) Importer(815301076,1909f56bfc062723c751e8b465ee728b)  -> (artifact id: 'b24a9af1de4c748d94733ad1d3ab51d7') in 0.063963 seconds
Number of updated asset objects reloaded before import = 0
Number of asset objects unloaded after import = 3
========================================================================
Received Import Request.
  Time since last request: 0.000019 seconds.
  path: Assets/Sprites/Wall_36.png
  artifactKey: Guid(b205f5c04b61b034fb3275def4c4af50) Importer(815301076,1909f56bfc062723c751e8b465ee728b)
Start importing Assets/Sprites/Wall_36.png using Guid(b205f5c04b61b034fb3275def4c4af50) Importer(815301076,1909f56bfc062723c751e8b465ee728b)  -> (artifact id: '94d1a38dd77023fc51335335158bcac7') in 0.008452 seconds
Number of updated asset objects reloaded before import = 0
Number of asset objects unloaded after import = 3
========================================================================
Received Import Request.
  Time since last request: 0.000012 seconds.
  path: Assets/Sprites/Wall_18.png
  artifactKey: Guid(53978c6de61208b4f9d41556ed2089f6) Importer(815301076,1909f56bfc062723c751e8b465ee728b)
Start importing Assets/Sprites/Wall_18.png using Guid(53978c6de61208b4f9d41556ed2089f6) Importer(815301076,1909f56bfc062723c751e8b465ee728b)  -> (artifact id: '68f5b18f89ff63c6b691b560ea819c51') in 0.006832 seconds
Number of updated asset objects reloaded before import = 0
Number of asset objects unloaded after import = 3
========================================================================
Received Import Request.
  Time since last request: 0.000019 seconds.
  path: Assets/Sprites/Wall_22.png
  artifactKey: Guid(5d893e4abcbcea6468a26182ad2b8837) Importer(815301076,1909f56bfc062723c751e8b465ee728b)
Start importing Assets/Sprites/Wall_22.png using Guid(5d893e4abcbcea6468a26182ad2b8837) Importer(815301076,1909f56bfc062723c751e8b465ee728b)  -> (artifact id: 'a98b63975ec9af8d1e1e38c4446de31c') in 0.007702 seconds
Number of updated asset objects reloaded before import = 0
Number of asset objects unloaded after import = 3
========================================================================
Received Import Request.
  Time since last request: 0.000014 seconds.
  path: Assets/Sprites/Wall_17.png
  artifactKey: Guid(3f52fd47e1d19304b831203ccebde5bf) Importer(815301076,1909f56bfc062723c751e8b465ee728b)
Start importing Assets/Sprites/Wall_17.png using Guid(3f52fd47e1d19304b831203ccebde5bf) Importer(815301076,1909f56bfc062723c751e8b465ee728b)  -> (artifact id: '2552a0e1d6934382dc1aa495c63829fa') in 0.006264 seconds
Number of updated asset objects reloaded before import = 0
Number of asset objects unloaded after import = 3
========================================================================
Received Import Request.
  Time since last request: 0.743388 seconds.
  path: Assets/Sprites/Wall_22.png
  artifactKey: Guid(5d893e4abcbcea6468a26182ad2b8837) Importer(2089858483,0ecaa5967403d082aa24f35e1b516d23)
Start importing Assets/Sprites/Wall_22.png using Guid(5d893e4abcbcea6468a26182ad2b8837) Importer(2089858483,0ecaa5967403d082aa24f35e1b516d23) Generated GUIDs only implemented for interfaces!
 -> (artifact id: 'bb16307dbb5dca832cad3cee333f7005') in 0.017483 seconds
Number of updated asset objects reloaded before import = 0
Number of asset objects unloaded after import = 3
========================================================================
Received Import Request.
  Time since last request: 0.000015 seconds.
  path: Assets/Sprites/Wall_36.png
  artifactKey: Guid(b205f5c04b61b034fb3275def4c4af50) Importer(2089858483,0ecaa5967403d082aa24f35e1b516d23)
Start importing Assets/Sprites/Wall_36.png using Guid(b205f5c04b61b034fb3275def4c4af50) Importer(2089858483,0ecaa5967403d082aa24f35e1b516d23) Generated GUIDs only implemented for interfaces!
 -> (artifact id: '2d8a916a0684867cb78d67c20fde7cc6') in 0.029201 seconds
Number of updated asset objects reloaded before import = 0
Number of asset objects unloaded after import = 3
========================================================================
Received Import Request.
  Time since last request: 0.000017 seconds.
  path: Assets/Sprites/Pacman_Death_05.png
  artifactKey: Guid(7ae4f038555669349b19305499ef3267) Importer(2089858483,0ecaa5967403d082aa24f35e1b516d23)
Start importing Assets/Sprites/Pacman_Death_05.png using Guid(7ae4f038555669349b19305499ef3267) Importer(2089858483,0ecaa5967403d082aa24f35e1b516d23) Generated GUIDs only implemented for interfaces!
 -> (artifact id: '0f78f2c3c7ee9e33c2ff3aed8bcb1cba') in 0.016707 seconds
Number of updated asset objects reloaded before import = 0
Number of asset objects unloaded after import = 3
========================================================================
Received Import Request.
  Time since last request: 0.000019 seconds.
  path: Assets/Sprites/Fruit_Cherry.png
  artifactKey: Guid(bcf9abba0c5011447aedacaa56f809a4) Importer(2089858483,0ecaa5967403d082aa24f35e1b516d23)
Start importing Assets/Sprites/Fruit_Cherry.png using Guid(bcf9abba0c5011447aedacaa56f809a4) Importer(2089858483,0ecaa5967403d082aa24f35e1b516d23) Generated GUIDs only implemented for interfaces!
 -> (artifact id: '6c84759104580fa41fb0b0c4509ceb70') in 0.016450 seconds
Number of updated asset objects reloaded before import = 0
Number of asset objects unloaded after import = 3
========================================================================
Received Import Request.
  Time since last request: 0.000019 seconds.
  path: Assets/Sprites/Fruit_GalaxianStarship.png
  artifactKey: Guid(43287113cc1900f44a90a7c880c6c0f6) Importer(2089858483,0ecaa5967403d082aa24f35e1b516d23)
Start importing Assets/Sprites/Fruit_GalaxianStarship.png using Guid(43287113cc1900f44a90a7c880c6c0f6) Importer(2089858483,0ecaa5967403d082aa24f35e1b516d23) Generated GUIDs only implemented for interfaces!
 -> (artifact id: '7676d7667edc81380e7c13ded85d51b6') in 0.016674 seconds
Number of updated asset objects reloaded before import = 0
Number of asset objects unloaded after import = 3
========================================================================
Received Import Request.
  Time since last request: 0.000015 seconds.
  path: Assets/Sprites/Pellet_Medium.png
  artifactKey: Guid(f3ad6a179f966804cad0514a2acbf0b0) Importer(2089858483,0ecaa5967403d082aa24f35e1b516d23)
Start importing Assets/Sprites/Pellet_Medium.png using Guid(f3ad6a179f966804cad0514a2acbf0b0) Importer(2089858483,0ecaa5967403d082aa24f35e1b516d23) Generated GUIDs only implemented for interfaces!
 -> (artifact id: '69980e130efb92a4e2d6e8ee97ef5b16') in 0.014587 seconds
Number of updated asset objects reloaded before import = 0
Number of asset objects unloaded after import = 3
========================================================================
Received Import Request.
  Time since last request: 0.000012 seconds.
  path: Assets/Sprites/Wall_11.png
  artifactKey: Guid(3fa89c6e256d54f40865316cb10472cc) Importer(2089858483,0ecaa5967403d082aa24f35e1b516d23)
Start importing Assets/Sprites/Wall_11.png using Guid(3fa89c6e256d54f40865316cb10472cc) Importer(2089858483,0ecaa5967403d082aa24f35e1b516d23) Generated GUIDs only implemented for interfaces!
 -> (artifact id: 'b504d8a58b73c219093e446b7f66cc0d') in 0.015452 seconds
Number of updated asset objects reloaded before import = 0
Number of asset objects unloaded after import = 3
========================================================================
Received Import Request.
  Time since last request: 0.000014 seconds.
  path: Assets/Sprites/Fruit_Strawberry.png
  artifactKey: Guid(7f92fd0a6259c0748a3798477124414b) Importer(2089858483,0ecaa5967403d082aa24f35e1b516d23)
Start importing Assets/Sprites/Fruit_Strawberry.png using Guid(7f92fd0a6259c0748a3798477124414b) Importer(2089858483,0ecaa5967403d082aa24f35e1b516d23) Generated GUIDs only implemented for interfaces!
 -> (artifact id: 'f16c0eeeca74c710552cb5de42d02d12') in 0.017390 seconds
Number of updated asset objects reloaded before import = 0
Number of asset objects unloaded after import = 3
========================================================================
Received Import Request.
  Time since last request: 0.000014 seconds.
  path: Assets/Sprites/Wall_27.png
  artifactKey: Guid(39e3fa3fcbaf196489ad0e7e74bce721) Importer(2089858483,0ecaa5967403d082aa24f35e1b516d23)
Start importing Assets/Sprites/Wall_27.png using Guid(39e3fa3fcbaf196489ad0e7e74bce721) Importer(2089858483,0ecaa5967403d082aa24f35e1b516d23) Generated GUIDs only implemented for interfaces!
 -> (artifact id: 'fc3e860a99758be73fb7ce74a4788541') in 0.013961 seconds
Number of updated asset objects reloaded before import = 0
Number of asset objects unloaded after import = 3
========================================================================
Received Import Request.
  Time since last request: 0.000019 seconds.
  path: Assets/Sprites/Wall_06.png
  artifactKey: Guid(2cf5def0f3636524eac3f7ccdbe38837) Importer(2089858483,0ecaa5967403d082aa24f35e1b516d23)
Start importing Assets/Sprites/Wall_06.png using Guid(2cf5def0f3636524eac3f7ccdbe38837) Importer(2089858483,0ecaa5967403d082aa24f35e1b516d23) Generated GUIDs only implemented for interfaces!
 -> (artifact id: '23895b91a0055e1d5e2bf5529365caa0') in 0.012767 seconds
Number of updated asset objects reloaded before import = 0
Number of asset objects unloaded after import = 3
========================================================================
Received Import Request.
  Time since last request: 0.000013 seconds.
  path: Assets/Sprites/Wall_15.png
  artifactKey: Guid(b3fc314fd1a7e2c4f9bff97a1f89a607) Importer(2089858483,0ecaa5967403d082aa24f35e1b516d23)
Start importing Assets/Sprites/Wall_15.png using Guid(b3fc314fd1a7e2c4f9bff97a1f89a607) Importer(2089858483,0ecaa5967403d082aa24f35e1b516d23) Generated GUIDs only implemented for interfaces!
 -> (artifact id: 'be6c5fe3036573446319bd6683014bd2') in 0.015467 seconds
Number of updated asset objects reloaded before import = 0
Number of asset objects unloaded after import = 3
========================================================================
Received Import Request.
  Time since last request: 0.000016 seconds.
  path: Assets/Sprites/Wall_16.png
  artifactKey: Guid(369fed99b29f81d4d926569de4472465) Importer(2089858483,0ecaa5967403d082aa24f35e1b516d23)
Start importing Assets/Sprites/Wall_16.png using Guid(369fed99b29f81d4d926569de4472465) Importer(2089858483,0ecaa5967403d082aa24f35e1b516d23) Generated GUIDs only implemented for interfaces!
 -> (artifact id: '430fbd08f3cbc57c23090edc34247788') in 0.013345 seconds
Number of updated asset objects reloaded before import = 0
Number of asset objects unloaded after import = 3
========================================================================
Received Import Request.
  Time since last request: 0.000013 seconds.
  path: Assets/Sprites/Pacman_Death_06.png
  artifactKey: Guid(2eb4a7f536f928148baff2eeba8af7a0) Importer(2089858483,0ecaa5967403d082aa24f35e1b516d23)
Start importing Assets/Sprites/Pacman_Death_06.png using Guid(2eb4a7f536f928148baff2eeba8af7a0) Importer(2089858483,0ecaa5967403d082aa24f35e1b516d23) Generated GUIDs only implemented for interfaces!
 -> (artifact id: 'bda285bbbf58e36cb5444a75260bdb01') in 0.014294 seconds
Number of updated asset objects reloaded before import = 0
Number of asset objects unloaded after import = 3
========================================================================
Received Import Request.
  Time since last request: 0.000015 seconds.
  path: Assets/Sprites/Ghost_Body_02.png
  artifactKey: Guid(6f51e42bf59063c4ab7a5608a42bd23d) Importer(2089858483,0ecaa5967403d082aa24f35e1b516d23)
Start importing Assets/Sprites/Ghost_Body_02.png using Guid(6f51e42bf59063c4ab7a5608a42bd23d) Importer(2089858483,0ecaa5967403d082aa24f35e1b516d23) Generated GUIDs only implemented for interfaces!
 -> (artifact id: '757503945f789cf141419e78cf3a606e') in 0.014960 seconds
Number of updated asset objects reloaded before import = 0
Number of asset objects unloaded after import = 3
========================================================================
Received Import Request.
  Time since last request: 0.000012 seconds.
  path: Assets/Sprites/Wall_12.png
  artifactKey: Guid(8d65a6fd64925c141847db8ffa1b186f) Importer(2089858483,0ecaa5967403d082aa24f35e1b516d23)
Start importing Assets/Sprites/Wall_12.png using Guid(8d65a6fd64925c141847db8ffa1b186f) Importer(2089858483,0ecaa5967403d082aa24f35e1b516d23) Generated GUIDs only implemented for interfaces!
 -> (artifact id: '327919fd6ef5b6f1a949cd64be3a73d1') in 0.015900 seconds
Number of updated asset objects reloaded before import = 0
Number of asset objects unloaded after import = 3
========================================================================
Received Import Request.
  Time since last request: 0.000015 seconds.
  path: Assets/Sprites/Pacman_01.png
  artifactKey: Guid(e3b83262a412c74408dba5cbe89f43f5) Importer(2089858483,0ecaa5967403d082aa24f35e1b516d23)
Start importing Assets/Sprites/Pacman_01.png using Guid(e3b83262a412c74408dba5cbe89f43f5) Importer(2089858483,0ecaa5967403d082aa24f35e1b516d23) Generated GUIDs only implemented for interfaces!
 -> (artifact id: '36d950d0b8d8ad3cea48d0995bb871cc') in 0.018118 seconds
Number of updated asset objects reloaded before import = 0
Number of asset objects unloaded after import = 3
========================================================================
Received Import Request.
  Time since last request: 0.000017 seconds.
  path: Assets/Sprites/Ghost_Eyes_Up.png
  artifactKey: Guid(7391304e6dcdc594484288107bfd217f) Importer(2089858483,0ecaa5967403d082aa24f35e1b516d23)
Start importing Assets/Sprites/Ghost_Eyes_Up.png using Guid(7391304e6dcdc594484288107bfd217f) Importer(2089858483,0ecaa5967403d082aa24f35e1b516d23) Generated GUIDs only implemented for interfaces!
 -> (artifact id: '69a4664fa4da112502aa06d0fc675b2e') in 0.013153 seconds
Number of updated asset objects reloaded before import = 0
Number of asset objects unloaded after import = 3
========================================================================
Received Import Request.
  Time since last request: 0.000015 seconds.
  path: Assets/Sprites/Wall_00.png
  artifactKey: Guid(e52ee8a5840dcaf4499f536c1580873c) Importer(2089858483,0ecaa5967403d082aa24f35e1b516d23)
Start importing Assets/Sprites/Wall_00.png using Guid(e52ee8a5840dcaf4499f536c1580873c) Importer(2089858483,0ecaa5967403d082aa24f35e1b516d23) Generated GUIDs only implemented for interfaces!
 -> (artifact id: '509657946a58ecb9d9a3df35cfcb90c9') in 0.661064 seconds
Number of updated asset objects reloaded before import = 0
Number of asset objects unloaded after import = 3
========================================================================
Received Import Request.
  Time since last request: 30.271580 seconds.
  path: Assets/Sprites/Wall_02.png
  artifactKey: Guid(1e35994e85d4e06438561e6d4289e2d3) Importer(815301076,1909f56bfc062723c751e8b465ee728b)
Start importing Assets/Sprites/Wall_02.png using Guid(1e35994e85d4e06438561e6d4289e2d3) Importer(815301076,1909f56bfc062723c751e8b465ee728b)  -> (artifact id: '7926b83f076b45789031658c26047aed') in 0.034070 seconds
Number of updated asset objects reloaded before import = 0
Number of asset objects unloaded after import = 3
========================================================================
Received Import Request.
  Time since last request: 0.000029 seconds.
  path: Assets/Sprites/Wall_11.png
  artifactKey: Guid(3fa89c6e256d54f40865316cb10472cc) Importer(815301076,1909f56bfc062723c751e8b465ee728b)
Start importing Assets/Sprites/Wall_11.png using Guid(3fa89c6e256d54f40865316cb10472cc) Importer(815301076,1909f56bfc062723c751e8b465ee728b)  -> (artifact id: 'ed14b8c303f8874cc37bc5d4f3b3b7ef') in 0.009154 seconds
Number of updated asset objects reloaded before import = 0
Number of asset objects unloaded after import = 3
========================================================================
Received Import Request.
  Time since last request: 0.000019 seconds.
  path: Assets/Sprites/Wall_03.png
  artifactKey: Guid(1b5f53d85c6ef3e479b07ca754ac0317) Importer(815301076,1909f56bfc062723c751e8b465ee728b)
Start importing Assets/Sprites/Wall_03.png using Guid(1b5f53d85c6ef3e479b07ca754ac0317) Importer(815301076,1909f56bfc062723c751e8b465ee728b)  -> (artifact id: 'd4f822f4b977657cf6a8dcb1b4756085') in 0.022329 seconds
Number of updated asset objects reloaded before import = 0
Number of asset objects unloaded after import = 3
========================================================================
Received Import Request.
  Time since last request: 0.000011 seconds.
  path: Assets/Sprites/Wall_08.png
  artifactKey: Guid(8d3e7acfbe56ae24d8bf1c6d9b99af6d) Importer(815301076,1909f56bfc062723c751e8b465ee728b)
Start importing Assets/Sprites/Wall_08.png using Guid(8d3e7acfbe56ae24d8bf1c6d9b99af6d) Importer(815301076,1909f56bfc062723c751e8b465ee728b)  -> (artifact id: 'fea1ecd288d8ca9681a724bc89f8bdb3') in 0.014302 seconds
Number of updated asset objects reloaded before import = 0
Number of asset objects unloaded after import = 3
========================================================================
Received Import Request.
  Time since last request: 0.418183 seconds.
  path: Assets/Sprites/Pacman_Death_05.png
  artifactKey: Guid(7ae4f038555669349b19305499ef3267) Importer(815301076,1909f56bfc062723c751e8b465ee728b)
Start importing Assets/Sprites/Pacman_Death_05.png using Guid(7ae4f038555669349b19305499ef3267) Importer(815301076,1909f56bfc062723c751e8b465ee728b)  -> (artifact id: '318a1d2a381ea09cb918f9e2b8331fb4') in 0.009057 seconds
Number of updated asset objects reloaded before import = 0
Number of asset objects unloaded after import = 3
========================================================================
Received Import Request.
  Time since last request: 0.000032 seconds.
  path: Assets/Sprites/Pellet_Large.png
  artifactKey: Guid(f5539a5cab8e4b0479adf95423fa7c86) Importer(815301076,1909f56bfc062723c751e8b465ee728b)
Start importing Assets/Sprites/Pellet_Large.png using Guid(f5539a5cab8e4b0479adf95423fa7c86) Importer(815301076,1909f56bfc062723c751e8b465ee728b)  -> (artifact id: 'a528d7337917fb7d6c96f1c4e660ecee') in 0.040398 seconds
Number of updated asset objects reloaded before import = 0
Number of asset objects unloaded after import = 3
========================================================================
Received Import Request.
  Time since last request: 0.000015 seconds.
  path: Assets/Sprites/Pacman_Death_08.png
  artifactKey: Guid(6767e4473f995a2408eec5b583ded67a) Importer(815301076,1909f56bfc062723c751e8b465ee728b)
Start importing Assets/Sprites/Pacman_Death_08.png using Guid(6767e4473f995a2408eec5b583ded67a) Importer(815301076,1909f56bfc062723c751e8b465ee728b)  -> (artifact id: '46f5e3e489851ad9072e5be1dc99945d') in 0.008614 seconds
Number of updated asset objects reloaded before import = 0
Number of asset objects unloaded after import = 3
========================================================================
Received Import Request.
  Time since last request: 0.000014 seconds.
  path: Assets/Sprites/Pacman_Death_11.png
  artifactKey: Guid(c66651b84f0bd454e909b29b38595d84) Importer(815301076,1909f56bfc062723c751e8b465ee728b)
Start importing Assets/Sprites/Pacman_Death_11.png using Guid(c66651b84f0bd454e909b29b38595d84) Importer(815301076,1909f56bfc062723c751e8b465ee728b)  -> (artifact id: 'f5468454b2dd0507a26185894e5cf8c6') in 0.007434 seconds
Number of updated asset objects reloaded before import = 0
Number of asset objects unloaded after import = 3
========================================================================
Received Import Request.
  Time since last request: 3.298814 seconds.
  path: Assets/Sprites/Ghost_Vulnerable_Blue_01.png
  artifactKey: Guid(7031ccde0b7585f4593ec9ccd2626e05) Importer(815301076,1909f56bfc062723c751e8b465ee728b)
Start importing Assets/Sprites/Ghost_Vulnerable_Blue_01.png using Guid(7031ccde0b7585f4593ec9ccd2626e05) Importer(815301076,1909f56bfc062723c751e8b465ee728b)  -> (artifact id: '40b0fbe915935e8c6c6c55bbcafb6fc8') in 0.014773 seconds
Number of updated asset objects reloaded before import = 0
Number of asset objects unloaded after import = 3
========================================================================
Received Import Request.
  Time since last request: 0.000043 seconds.
  path: Assets/Sprites/Pacman_02.png
  artifactKey: Guid(1f9604f5749fde646a59a72c9ee1cd3a) Importer(815301076,1909f56bfc062723c751e8b465ee728b)
Start importing Assets/Sprites/Pacman_02.png using Guid(1f9604f5749fde646a59a72c9ee1cd3a) Importer(815301076,1909f56bfc062723c751e8b465ee728b)  -> (artifact id: 'f11828fb71a932c4d05ac8f21e2a5bcb') in 0.014590 seconds
Number of updated asset objects reloaded before import = 0
Number of asset objects unloaded after import = 3
========================================================================
Received Import Request.
  Time since last request: 0.000016 seconds.
  path: Assets/Sprites/Ghost_Vulnerable_White_01.png
  artifactKey: Guid(a66fca21a2eaf43459e2fbb561e630d6) Importer(815301076,1909f56bfc062723c751e8b465ee728b)
Start importing Assets/Sprites/Ghost_Vulnerable_White_01.png using Guid(a66fca21a2eaf43459e2fbb561e630d6) Importer(815301076,1909f56bfc062723c751e8b465ee728b)  -> (artifact id: '13b843ac37fa19bd79383d55ffc50562') in 0.008434 seconds
Number of updated asset objects reloaded before import = 0
Number of asset objects unloaded after import = 3
========================================================================
Received Import Request.
  Time since last request: 0.000014 seconds.
  path: Assets/Sprites/Node.png
  artifactKey: Guid(73ec44e4741057941bfbfd484bd0ff60) Importer(815301076,1909f56bfc062723c751e8b465ee728b)
Start importing Assets/Sprites/Node.png using Guid(73ec44e4741057941bfbfd484bd0ff60) Importer(815301076,1909f56bfc062723c751e8b465ee728b)  -> (artifact id: 'e0557fe6a1a9671a7f4fff378146584e') in 0.019602 seconds
Number of updated asset objects reloaded before import = 0
Number of asset objects unloaded after import = 3
========================================================================
Received Import Request.
  Time since last request: 24.917936 seconds.
  path: Assets/Sprites/Wall_00.png
  artifactKey: Guid(e52ee8a5840dcaf4499f536c1580873c) Importer(815301076,1909f56bfc062723c751e8b465ee728b)
Start importing Assets/Sprites/Wall_00.png using Guid(e52ee8a5840dcaf4499f536c1580873c) Importer(815301076,1909f56bfc062723c751e8b465ee728b)  -> (artifact id: '462350d9a7c549581d66e4f8b428c748') in 0.048256 seconds
Number of updated asset objects reloaded before import = 0
Number of asset objects unloaded after import = 3
========================================================================
Received Import Request.
  Time since last request: 0.000014 seconds.
  path: Assets/Sprites/Wall_11.png
  artifactKey: Guid(3fa89c6e256d54f40865316cb10472cc) Importer(815301076,1909f56bfc062723c751e8b465ee728b)
Start importing Assets/Sprites/Wall_11.png using Guid(3fa89c6e256d54f40865316cb10472cc) Importer(815301076,1909f56bfc062723c751e8b465ee728b)  -> (artifact id: 'b426358d7272ad831bb5af5c45683afb') in 0.068619 seconds
Number of updated asset objects reloaded before import = 0
Number of asset objects unloaded after import = 3
========================================================================
Received Import Request.
  Time since last request: 0.000012 seconds.
  path: Assets/Sprites/Wall_04.png
  artifactKey: Guid(8fe1022521c11cb47a859a6bfb7a6777) Importer(815301076,1909f56bfc062723c751e8b465ee728b)
Start importing Assets/Sprites/Wall_04.png using Guid(8fe1022521c11cb47a859a6bfb7a6777) Importer(815301076,1909f56bfc062723c751e8b465ee728b)  -> (artifact id: '1396b28e9f8eaa6a48c16d3f67e4d1ec') in 0.064359 seconds
Number of updated asset objects reloaded before import = 0
Number of asset objects unloaded after import = 3
========================================================================
Received Import Request.
  Time since last request: 0.000019 seconds.
  path: Assets/Sprites/Wall_09.png
  artifactKey: Guid(ea70de09204aca148be4cc456714f7ef) Importer(815301076,1909f56bfc062723c751e8b465ee728b)
Start importing Assets/Sprites/Wall_09.png using Guid(ea70de09204aca148be4cc456714f7ef) Importer(815301076,1909f56bfc062723c751e8b465ee728b)  -> (artifact id: '46188b91b31bfb7e63aee4a79c2df4ee') in 0.036678 seconds
Number of updated asset objects reloaded before import = 0
Number of asset objects unloaded after import = 3
========================================================================
Received Import Request.
  Time since last request: 0.000024 seconds.
  path: Assets/Sprites/Wall_03.png
  artifactKey: Guid(1b5f53d85c6ef3e479b07ca754ac0317) Importer(815301076,1909f56bfc062723c751e8b465ee728b)
Start importing Assets/Sprites/Wall_03.png using Guid(1b5f53d85c6ef3e479b07ca754ac0317) Importer(815301076,1909f56bfc062723c751e8b465ee728b)  -> (artifact id: 'f7b700970470c04812ec6a63be9758df') in 0.008289 seconds
Number of updated asset objects reloaded before import = 0
Number of asset objects unloaded after import = 3
========================================================================
Received Import Request.
  Time since last request: 0.000012 seconds.
  path: Assets/Sprites/Wall_07.png
  artifactKey: Guid(22b85c5a1b35f6344bea572b841882b1) Importer(815301076,1909f56bfc062723c751e8b465ee728b)
Start importing Assets/Sprites/Wall_07.png using Guid(22b85c5a1b35f6344bea572b841882b1) Importer(815301076,1909f56bfc062723c751e8b465ee728b)  -> (artifact id: 'ccb5f0ef4a479080e306ff5bab1f377c') in 0.009937 seconds
Number of updated asset objects reloaded before import = 0
Number of asset objects unloaded after import = 3
========================================================================
Received Import Request.
  Time since last request: 0.000013 seconds.
  path: Assets/Sprites/Wall_01.png
  artifactKey: Guid(10fbf9dc56da36c45a97cdf11ee1ff64) Importer(815301076,1909f56bfc062723c751e8b465ee728b)
Start importing Assets/Sprites/Wall_01.png using Guid(10fbf9dc56da36c45a97cdf11ee1ff64) Importer(815301076,1909f56bfc062723c751e8b465ee728b)  -> (artifact id: '1f99b8577ab12bdbd6f6514b6c7d6a6a') in 0.007935 seconds
Number of updated asset objects reloaded before import = 0
Number of asset objects unloaded after import = 3
========================================================================
Received Import Request.
  Time since last request: 0.000011 seconds.
  path: Assets/Sprites/Wall_20.png
  artifactKey: Guid(d0460c4bafe8a95469fb0431894e6cf4) Importer(815301076,1909f56bfc062723c751e8b465ee728b)
Start importing Assets/Sprites/Wall_20.png using Guid(d0460c4bafe8a95469fb0431894e6cf4) Importer(815301076,1909f56bfc062723c751e8b465ee728b)  -> (artifact id: 'ac68e90db25c1b463db75fd98d68b6ac') in 0.006951 seconds
Number of updated asset objects reloaded before import = 0
Number of asset objects unloaded after import = 3
========================================================================
Received Import Request.
  Time since last request: 0.000012 seconds.
  path: Assets/Sprites/Wall_28.png
  artifactKey: Guid(57ac5c6063b92b44ba0ee5bec9055a6f) Importer(815301076,1909f56bfc062723c751e8b465ee728b)
Start importing Assets/Sprites/Wall_28.png using Guid(57ac5c6063b92b44ba0ee5bec9055a6f) Importer(815301076,1909f56bfc062723c751e8b465ee728b)  -> (artifact id: 'ffb23f4c72429305aa36685dd5ceec8f') in 0.007174 seconds
Number of updated asset objects reloaded before import = 0
Number of asset objects unloaded after import = 3
========================================================================
Received Import Request.
  Time since last request: 0.000011 seconds.
  path: Assets/Sprites/Wall_08.png
  artifactKey: Guid(8d3e7acfbe56ae24d8bf1c6d9b99af6d) Importer(815301076,1909f56bfc062723c751e8b465ee728b)
Start importing Assets/Sprites/Wall_08.png using Guid(8d3e7acfbe56ae24d8bf1c6d9b99af6d) Importer(815301076,1909f56bfc062723c751e8b465ee728b)  -> (artifact id: '05cbffc71a687e3e88ae4ce2851ee2c5') in 0.006931 seconds
Number of updated asset objects reloaded before import = 0
Number of asset objects unloaded after import = 3
========================================================================
Received Import Request.
  Time since last request: 0.000011 seconds.
  path: Assets/Sprites/Wall_05.png
  artifactKey: Guid(c5111370543b9c74bacb41934c46f6c7) Importer(815301076,1909f56bfc062723c751e8b465ee728b)
Start importing Assets/Sprites/Wall_05.png using Guid(c5111370543b9c74bacb41934c46f6c7) Importer(815301076,1909f56bfc062723c751e8b465ee728b)  -> (artifact id: '86f34f9e0dc4089576c09241b1f8609f') in 0.007225 seconds
Number of updated asset objects reloaded before import = 0
Number of asset objects unloaded after import = 3
========================================================================
Received Import Request.
  Time since last request: 0.000024 seconds.
  path: Assets/Sprites/Wall_17.png
  artifactKey: Guid(3f52fd47e1d19304b831203ccebde5bf) Importer(815301076,1909f56bfc062723c751e8b465ee728b)
Start importing Assets/Sprites/Wall_17.png using Guid(3f52fd47e1d19304b831203ccebde5bf) Importer(815301076,1909f56bfc062723c751e8b465ee728b)  -> (artifact id: 'a57d092bece6a80dc96759950bcc4b9b') in 0.008090 seconds
Number of updated asset objects reloaded before import = 0
Number of asset objects unloaded after import = 3
========================================================================
Received Import Request.
  Time since last request: 0.659075 seconds.
  path: Assets/Sprites/Wall_22.png
  artifactKey: Guid(5d893e4abcbcea6468a26182ad2b8837) Importer(2089858483,0ecaa5967403d082aa24f35e1b516d23)
Start importing Assets/Sprites/Wall_22.png using Guid(5d893e4abcbcea6468a26182ad2b8837) Importer(2089858483,0ecaa5967403d082aa24f35e1b516d23) Generated GUIDs only implemented for interfaces!
 -> (artifact id: 'c2931b06bcab6af03a67e766a17b1e90') in 0.014672 seconds
Number of updated asset objects reloaded before import = 0
Number of asset objects unloaded after import = 3
========================================================================
Received Import Request.
  Time since last request: 0.000013 seconds.
  path: Assets/Sprites/Wall_36.png
  artifactKey: Guid(b205f5c04b61b034fb3275def4c4af50) Importer(2089858483,0ecaa5967403d082aa24f35e1b516d23)
Start importing Assets/Sprites/Wall_36.png using Guid(b205f5c04b61b034fb3275def4c4af50) Importer(2089858483,0ecaa5967403d082aa24f35e1b516d23) Generated GUIDs only implemented for interfaces!
 -> (artifact id: 'e9183fac406adfcda111dc2c886ec313') in 0.014127 seconds
Number of updated asset objects reloaded before import = 0
Number of asset objects unloaded after import = 3
========================================================================
Received Import Request.
  Time since last request: 0.000010 seconds.
  path: Assets/Sprites/Pellet_Medium.png
  artifactKey: Guid(f3ad6a179f966804cad0514a2acbf0b0) Importer(2089858483,0ecaa5967403d082aa24f35e1b516d23)
Start importing Assets/Sprites/Pellet_Medium.png using Guid(f3ad6a179f966804cad0514a2acbf0b0) Importer(2089858483,0ecaa5967403d082aa24f35e1b516d23) Generated GUIDs only implemented for interfaces!
 -> (artifact id: '60db3d1169e7a17e2e6afc97f406cd04') in 0.015936 seconds
Number of updated asset objects reloaded before import = 0
Number of asset objects unloaded after import = 3
========================================================================
Received Import Request.
  Time since last request: 0.000010 seconds.
  path: Assets/Sprites/Wall_27.png
  artifactKey: Guid(39e3fa3fcbaf196489ad0e7e74bce721) Importer(2089858483,0ecaa5967403d082aa24f35e1b516d23)
Start importing Assets/Sprites/Wall_27.png using Guid(39e3fa3fcbaf196489ad0e7e74bce721) Importer(2089858483,0ecaa5967403d082aa24f35e1b516d23) Generated GUIDs only implemented for interfaces!
 -> (artifact id: '6e9045ed2e6897f25b7b062a62f0a9d3') in 0.015395 seconds
Number of updated asset objects reloaded before import = 0
Number of asset objects unloaded after import = 3
========================================================================
Received Import Request.
  Time since last request: 0.000012 seconds.
  path: Assets/Sprites/Wall_04.png
  artifactKey: Guid(8fe1022521c11cb47a859a6bfb7a6777) Importer(2089858483,0ecaa5967403d082aa24f35e1b516d23)
Start importing Assets/Sprites/Wall_04.png using Guid(8fe1022521c11cb47a859a6bfb7a6777) Importer(2089858483,0ecaa5967403d082aa24f35e1b516d23) Generated GUIDs only implemented for interfaces!
 -> (artifact id: '32daa81ecda391cf71b4724e7d5c5b23') in 0.015596 seconds
Number of updated asset objects reloaded before import = 0
Number of asset objects unloaded after import = 3
========================================================================
Received Import Request.
  Time since last request: 0.000019 seconds.
  path: Assets/Sprites/Wall_16.png
  artifactKey: Guid(369fed99b29f81d4d926569de4472465) Importer(2089858483,0ecaa5967403d082aa24f35e1b516d23)
Start importing Assets/Sprites/Wall_16.png using Guid(369fed99b29f81d4d926569de4472465) Importer(2089858483,0ecaa5967403d082aa24f35e1b516d23) Generated GUIDs only implemented for interfaces!
 -> (artifact id: '6f197c5f9cb6fd017ef2498429a6994a') in 0.015414 seconds
Number of updated asset objects reloaded before import = 0
Number of asset objects unloaded after import = 3
========================================================================
Received Import Request.
  Time since last request: 0.000011 seconds.
  path: Assets/Sprites/Wall_01.png
  artifactKey: Guid(10fbf9dc56da36c45a97cdf11ee1ff64) Importer(2089858483,0ecaa5967403d082aa24f35e1b516d23)
Start importing Assets/Sprites/Wall_01.png using Guid(10fbf9dc56da36c45a97cdf11ee1ff64) Importer(2089858483,0ecaa5967403d082aa24f35e1b516d23) Generated GUIDs only implemented for interfaces!
 -> (artifact id: 'fa7ffe1b481667888c9a8c923a1e5d52') in 0.014802 seconds
Number of updated asset objects reloaded before import = 0
Number of asset objects unloaded after import = 3
========================================================================
Received Import Request.
  Time since last request: 0.000010 seconds.
  path: Assets/Sprites/Wall_30.png
  artifactKey: Guid(6f115c8eee0d491419895b53625f41dc) Importer(2089858483,0ecaa5967403d082aa24f35e1b516d23)
Start importing Assets/Sprites/Wall_30.png using Guid(6f115c8eee0d491419895b53625f41dc) Importer(2089858483,0ecaa5967403d082aa24f35e1b516d23) Generated GUIDs only implemented for interfaces!
 -> (artifact id: '971962bf043f5a1a69cae31d58a056d2') in 0.015211 seconds
Number of updated asset objects reloaded before import = 0
Number of asset objects unloaded after import = 3
========================================================================
Received Import Request.
  Time since last request: 0.000015 seconds.
  path: Assets/Sprites/Wall_23.png
  artifactKey: Guid(8ec9db974ae7c5d409885b239d2ec55b) Importer(2089858483,0ecaa5967403d082aa24f35e1b516d23)
Start importing Assets/Sprites/Wall_23.png using Guid(8ec9db974ae7c5d409885b239d2ec55b) Importer(2089858483,0ecaa5967403d082aa24f35e1b516d23) Generated GUIDs only implemented for interfaces!
 -> (artifact id: 'b194705304b0b565349b17cd65af9db4') in 0.014207 seconds
Number of updated asset objects reloaded before import = 0
Number of asset objects unloaded after import = 3
========================================================================
Received Import Request.
  Time since last request: 0.000011 seconds.
  path: Assets/Sprites/Wall_05.png
  artifactKey: Guid(c5111370543b9c74bacb41934c46f6c7) Importer(2089858483,0ecaa5967403d082aa24f35e1b516d23)
Start importing Assets/Sprites/Wall_05.png using Guid(c5111370543b9c74bacb41934c46f6c7) Importer(2089858483,0ecaa5967403d082aa24f35e1b516d23) Generated GUIDs only implemented for interfaces!
 -> (artifact id: 'dbf2fc2791c3fc8898ff27a31f5bfc12') in 0.014452 seconds
Number of updated asset objects reloaded before import = 0
Number of asset objects unloaded after import = 3
========================================================================
Received Import Request.
  Time since last request: 0.000012 seconds.
  path: Assets/Sprites/Wall_29.png
  artifactKey: Guid(1281c669df473ee4099877bc91b5a04a) Importer(2089858483,0ecaa5967403d082aa24f35e1b516d23)
Start importing Assets/Sprites/Wall_29.png using Guid(1281c669df473ee4099877bc91b5a04a) Importer(2089858483,0ecaa5967403d082aa24f35e1b516d23) Generated GUIDs only implemented for interfaces!
 -> (artifact id: '68994380ff61c4d29cbe584b7b3ac82e') in 0.016063 seconds
Number of updated asset objects reloaded before import = 0
Number of asset objects unloaded after import = 3
========================================================================
Received Import Request.
  Time since last request: 0.000024 seconds.
  path: Assets/Sprites/Wall_03.png
  artifactKey: Guid(1b5f53d85c6ef3e479b07ca754ac0317) Importer(2089858483,0ecaa5967403d082aa24f35e1b516d23)
Start importing Assets/Sprites/Wall_03.png using Guid(1b5f53d85c6ef3e479b07ca754ac0317) Importer(2089858483,0ecaa5967403d082aa24f35e1b516d23) Generated GUIDs only implemented for interfaces!
 -> (artifact id: 'ca8130742d4b67a0004c022818205752') in 0.015058 seconds
Number of updated asset objects reloaded before import = 0
Number of asset objects unloaded after import = 3
========================================================================
Received Import Request.
  Time since last request: 0.000011 seconds.
  path: Assets/Sprites/Wall_18.png
  artifactKey: Guid(53978c6de61208b4f9d41556ed2089f6) Importer(2089858483,0ecaa5967403d082aa24f35e1b516d23)
Start importing Assets/Sprites/Wall_18.png using Guid(53978c6de61208b4f9d41556ed2089f6) Importer(2089858483,0ecaa5967403d082aa24f35e1b516d23) Generated GUIDs only implemented for interfaces!
 -> (artifact id: '6781de96dd19b805d7cfc8b7975ef3e1') in 0.014145 seconds
Number of updated asset objects reloaded before import = 0
Number of asset objects unloaded after import = 3
========================================================================
Received Import Request.
  Time since last request: 1.133483 seconds.
  path: Assets/Sprites/Fruit_GalaxianStarship.png
  artifactKey: Guid(43287113cc1900f44a90a7c880c6c0f6) Importer(815301076,1909f56bfc062723c751e8b465ee728b)
Start importing Assets/Sprites/Fruit_GalaxianStarship.png using Guid(43287113cc1900f44a90a7c880c6c0f6) Importer(815301076,1909f56bfc062723c751e8b465ee728b)  -> (artifact id: '0667544a175bfb404f5696f19b145ba6') in 0.039468 seconds
Number of updated asset objects reloaded before import = 0
Number of asset objects unloaded after import = 3
========================================================================
Received Import Request.
  Time since last request: 0.000014 seconds.
  path: Assets/Sprites/Ghost_Body_01.png
  artifactKey: Guid(afc3b534b8a93544984cf1676ba61ae4) Importer(815301076,1909f56bfc062723c751e8b465ee728b)
Start importing Assets/Sprites/Ghost_Body_01.png using Guid(afc3b534b8a93544984cf1676ba61ae4) Importer(815301076,1909f56bfc062723c751e8b465ee728b)  -> (artifact id: '22ea5236ce12254a5c547c922c330344') in 0.014873 seconds
Number of updated asset objects reloaded before import = 0
Number of asset objects unloaded after import = 3
========================================================================
Received Import Request.
  Time since last request: 0.000016 seconds.
  path: Assets/Sprites/Ghost_Eyes_Left.png
  artifactKey: Guid(d65aa956b7569874fab274083826a77f) Importer(815301076,1909f56bfc062723c751e8b465ee728b)
Start importing Assets/Sprites/Ghost_Eyes_Left.png using Guid(d65aa956b7569874fab274083826a77f) Importer(815301076,1909f56bfc062723c751e8b465ee728b)  -> (artifact id: 'd51f6da81dafe1e4c2c72afba2a07648') in 0.008720 seconds
Number of updated asset objects reloaded before import = 0
Number of asset objects unloaded after import = 3
Editor requested this worker to shutdown with reason: Scaling down because of idle timeout
TcpMessagingSession - receive error: operation aborted. errorcode: 995, details: Bir i parac k veya bir uygulama istei nedeniyle G/ ilemi iptal edildi.
AssetImportWorker is now disconnected from the server
Process exiting
Exiting without the bug reporter. Application will terminate with return code 0