Using pre-set license
Built from '2022.3/staging' branch; Version is '2022.3.4f1 (35713cd46cd7) revision 3502396'; Using compiler version '192829333'; Build Type 'Release'
OS: 'Windows 10  (10.0.19045) 64bit Enterprise' Language: 'tr' Physical Memory: 16252 MB
BatchMode: 1, IsHumanControllingUs: 0, StartBugReporterOnCrash: 0, Is64bit: 1, IsPro: 1

COMMAND LINE ARGUMENTS:
C:\Program Files\Unity\Hub\Editor\2022.3.4f1\Editor\Unity.exe
-adb2
-batchMode
-noUpm
-name
AssetImportWorker4
-projectPath
C:/Pacman
-logFile
Logs/AssetImportWorker4.log
-srvPort
54744
Successfully changed project path to: C:/Pacman
C:/Pacman
[UnityMemory] Configuration Parameters - Can be set up in boot.config
    "memorysetup-bucket-allocator-granularity=16"
    "memorysetup-bucket-allocator-bucket-count=8"
    "memorysetup-bucket-allocator-block-size=33554432"
    "memorysetup-bucket-allocator-block-count=8"
    "memorysetup-main-allocator-block-size=16777216"
    "memorysetup-thread-allocator-block-size=16777216"
    "memorysetup-gfx-main-allocator-block-size=16777216"
    "memorysetup-gfx-thread-allocator-block-size=16777216"
    "memorysetup-cache-allocator-block-size=4194304"
    "memorysetup-typetree-allocator-block-size=2097152"
    "memorysetup-profiler-bucket-allocator-granularity=16"
    "memorysetup-profiler-bucket-allocator-bucket-count=8"
    "memorysetup-profiler-bucket-allocator-block-size=33554432"
    "memorysetup-profiler-bucket-allocator-block-count=8"
    "memorysetup-profiler-allocator-block-size=16777216"
    "memorysetup-profiler-editor-allocator-block-size=1048576"
    "memorysetup-temp-allocator-size-main=16777216"
    "memorysetup-job-temp-allocator-block-size=2097152"
    "memorysetup-job-temp-allocator-block-size-background=1048576"
    "memorysetup-job-temp-allocator-reduction-small-platforms=262144"
    "memorysetup-allocator-temp-initial-block-size-main=262144"
    "memorysetup-allocator-temp-initial-block-size-worker=262144"
    "memorysetup-temp-allocator-size-background-worker=32768"
    "memorysetup-temp-allocator-size-job-worker=262144"
    "memorysetup-temp-allocator-size-preload-manager=33554432"
    "memorysetup-temp-allocator-size-nav-mesh-worker=65536"
    "memorysetup-temp-allocator-size-audio-worker=65536"
    "memorysetup-temp-allocator-size-cloud-worker=32768"
    "memorysetup-temp-allocator-size-gi-baking-worker=262144"
    "memorysetup-temp-allocator-size-gfx=262144"
Player connection [12316] Host "[IP] 192.168.159.1 [Port] 0 [Flags] 2 [Guid] 3020155607 [EditorId] 3020155607 [Version] 1048832 [Id] WindowsEditor(7,DESKTOP-D3H5I89) [Debug] 1 [PackageName] WindowsEditor [ProjectName] Editor" joined multi-casting on [225.0.0.222:54997]...

Player connection [12316] Host "[IP] 192.168.159.1 [Port] 0 [Flags] 2 [Guid] 3020155607 [EditorId] 3020155607 [Version] 1048832 [Id] WindowsEditor(7,DESKTOP-D3H5I89) [Debug] 1 [PackageName] WindowsEditor [ProjectName] Editor" joined alternative multi-casting on [225.0.0.222:34997]...

Refreshing native plugins compatible for Editor in 983.78 ms, found 4 plugins.
Preloading 0 native plugins for Editor in 0.00 ms.
Initialize engine version: 2022.3.4f1 (35713cd46cd7)
[Subsystems] Discovering subsystems at path C:/Program Files/Unity/Hub/Editor/2022.3.4f1/Editor/Data/Resources/UnitySubsystems
[Subsystems] Discovering subsystems at path C:/Pacman/Assets
GfxDevice: creating device client; threaded=0; jobified=0
Direct3D:
    Version:  Direct3D 11.0 [level 11.1]
    Renderer: NVIDIA GeForce GTX 1650 Ti (ID=0x1f95)
    Vendor:   NVIDIA
    VRAM:     3962 MB
    Driver:   27.21.14.6230
Initialize mono
Mono path[0] = 'C:/Program Files/Unity/Hub/Editor/2022.3.4f1/Editor/Data/Managed'
Mono path[1] = 'C:/Program Files/Unity/Hub/Editor/2022.3.4f1/Editor/Data/MonoBleedingEdge/lib/mono/unityjit-win32'
Mono config path = 'C:/Program Files/Unity/Hub/Editor/2022.3.4f1/Editor/Data/MonoBleedingEdge/etc'
Using monoOptions --debugger-agent=transport=dt_socket,embedding=1,server=y,suspend=n,address=127.0.0.1:56572
Begin MonoManager ReloadAssembly
Registering precompiled unity dll's ...
Register platform support module: C:/Program Files/Unity/Hub/Editor/2022.3.4f1/Editor/Data/PlaybackEngines/WebGLSupport/UnityEditor.WebGL.Extensions.dll
Register platform support module: C:/Program Files/Unity/Hub/Editor/2022.3.4f1/Editor/Data/PlaybackEngines/AndroidPlayer/UnityEditor.Android.Extensions.dll
Register platform support module: C:/Program Files/Unity/Hub/Editor/2022.3.4f1/Editor/Data/PlaybackEngines/WindowsStandaloneSupport/UnityEditor.WindowsStandalone.Extensions.dll
Registered in 0.161962 seconds.
- Loaded All Assemblies, in  4.834 seconds
Native extension for WindowsStandalone target not found
Native extension for Android target not found
Android Extension - Scanning For ADB Devices 1971 ms
Native extension for WebGL target not found
Mono: successfully reloaded assembly
- Finished resetting the current domain, in  2.900 seconds
Domain Reload Profiling: 7725ms
	BeginReloadAssembly (2791ms)
		ExecutionOrderSort (0ms)
		DisableScriptedObjects (0ms)
		BackupInstance (0ms)
		ReleaseScriptingObjects (0ms)
		CreateAndSetChildDomain (1ms)
	RebuildCommonClasses (675ms)
	RebuildNativeTypeToScriptingClass (33ms)
	initialDomainReloadingComplete (298ms)
	LoadAllAssembliesAndSetupDomain (1027ms)
		LoadAssemblies (2785ms)
		RebuildTransferFunctionScriptingTraits (0ms)
		AnalyzeDomain (1003ms)
			TypeCache.Refresh (1001ms)
				TypeCache.ScanAssembly (911ms)
			ScanForSourceGeneratedMonoScriptInfo (1ms)
			ResolveRequiredComponents (1ms)
	FinalizeReload (2901ms)
		ReleaseScriptCaches (0ms)
		RebuildScriptCaches (0ms)
		SetupLoadedEditorAssemblies (2767ms)
			LogAssemblyErrors (0ms)
			InitializePlatformSupportModulesInManaged (2305ms)
			SetLoadedEditorAssemblies (11ms)
			RefreshPlugins (0ms)
			BeforeProcessingInitializeOnLoad (6ms)
			ProcessInitializeOnLoadAttributes (298ms)
			ProcessInitializeOnLoadMethodAttributes (147ms)
			AfterProcessingInitializeOnLoad (0ms)
			EditorAssembliesLoaded (0ms)
		ExecutionOrderSort2 (0ms)
		AwakeInstancesAfterBackupRestoration (0ms)
========================================================================
Worker process is ready to serve import requests
Begin MonoManager ReloadAssembly
Symbol file LoadedFromMemory doesn't match image C:\Pacman\Library\PackageCache\com.unity.visualscripting@1.8.0\Editor\VisualScripting.Core\Dependencies\YamlDotNet\Unity.VisualScripting.YamlDotNet.dll
Symbol file LoadedFromMemory doesn't match image C:\Pacman\Library\PackageCache\com.unity.visualscripting@1.8.0\Editor\VisualScripting.Core\Dependencies\DotNetZip\Unity.VisualScripting.IonicZip.dll
- Loaded All Assemblies, in  9.522 seconds
Refreshing native plugins compatible for Editor in 26.41 ms, found 4 plugins.
Native extension for WindowsStandalone target not found
Native extension for Android target not found
Native extension for WebGL target not found
Mono: successfully reloaded assembly
- Finished resetting the current domain, in  2.293 seconds
Domain Reload Profiling: 11794ms
	BeginReloadAssembly (2375ms)
		ExecutionOrderSort (0ms)
		DisableScriptedObjects (7ms)
		BackupInstance (0ms)
		ReleaseScriptingObjects (0ms)
		CreateAndSetChildDomain (25ms)
	RebuildCommonClasses (109ms)
	RebuildNativeTypeToScriptingClass (34ms)
	initialDomainReloadingComplete (239ms)
	LoadAllAssembliesAndSetupDomain (6742ms)
		LoadAssemblies (7564ms)
		RebuildTransferFunctionScriptingTraits (0ms)
		AnalyzeDomain (1398ms)
			TypeCache.Refresh (1297ms)
				TypeCache.ScanAssembly (1191ms)
			ScanForSourceGeneratedMonoScriptInfo (81ms)
			ResolveRequiredComponents (20ms)
	FinalizeReload (2295ms)
		ReleaseScriptCaches (0ms)
		RebuildScriptCaches (0ms)
		SetupLoadedEditorAssemblies (1702ms)
			LogAssemblyErrors (0ms)
			InitializePlatformSupportModulesInManaged (111ms)
			SetLoadedEditorAssemblies (14ms)
			RefreshPlugins (0ms)
			BeforeProcessingInitializeOnLoad (273ms)
			ProcessInitializeOnLoadAttributes (1102ms)
			ProcessInitializeOnLoadMethodAttributes (158ms)
			AfterProcessingInitializeOnLoad (44ms)
			EditorAssembliesLoaded (0ms)
		ExecutionOrderSort2 (0ms)
		AwakeInstancesAfterBackupRestoration (27ms)
Launched and connected shader compiler UnityShaderCompiler.exe after 0.23 seconds
Refreshing native plugins compatible for Editor in 28.30 ms, found 4 plugins.
Preloading 0 native plugins for Editor in 0.00 ms.
Unloading 3999 Unused Serialized files (Serialized files now loaded: 0)
Unloading 69 unused Assets / (244.6 KB). Loaded Objects now: 4460.
Memory consumption went from 144.1 MB to 143.8 MB.
Total: 9.318200 ms (FindLiveObjects: 0.626500 ms CreateObjectMapping: 0.536600 ms MarkObjects: 7.684000 ms  DeleteObjects: 0.469600 ms)

AssetImportParameters requested are different than current active one (requested -> active):
  custom:container-demuxer-ogg: 62fdf1f143b41e24485cea50d1cbac27 -> 
  custom:video-decoder-ogg-theora: a1e56fd34408186e4bbccfd4996cb3dc -> 
  custom:framework-win-MediaFoundation: 216162199b28c13a410421893ffa2e32 -> 
  custom:CustomObjectIndexerAttribute: 756ad292c208cfabdd7b50bc23989ffe -> 
  custom:container-demuxer-webm: 4f35f7cbe854078d1ac9338744f61a02 -> 
  custom:container-muxer-webm: aa71ff27fc2769a1b78a27578f13a17b -> 
  custom:video-decoder-webm-vp8: 9c59270c3fd7afecdb556c50c9e8de78 -> 
  custom:SearchIndexIgnoredProperties: e643bd26f0fe6173181afceb89e7c659 -> 
  custom:AudioImporter_EditorPlatform: d09bf68614088b80899f8185d706f6e7 -> 
  custom:video-encoder-webm-vp8: eb34c28f22e8b96e1ab97ce403110664 -> 
  custom:audio-decoder-ogg-vorbis: bf7c407c2cedff20999df2af8eb42d56 -> 
  custom:audio-encoder-webm-vorbis: bf7c407c2cedff20999df2af8eb42d56 -> 
========================================================================
Received Import Request.
  Time since last request: 250235.244573 seconds.
  path: Assets/Tiles/Pellet_Tile.asset
  artifactKey: Guid(88cb746065874084a8a80f35bc09f776) Importer(815301076,1909f56bfc062723c751e8b465ee728b)
Start importing Assets/Tiles/Pellet_Tile.asset using Guid(88cb746065874084a8a80f35bc09f776) Importer(815301076,1909f56bfc062723c751e8b465ee728b)  -> (artifact id: '9bbc8556f1adc5f66de7289c3a8761f8') in 0.052436 seconds
Number of updated asset objects reloaded before import = 0
Number of asset objects unloaded after import = 1
========================================================================
Received Import Request.
  Time since last request: 0.903570 seconds.
  path: Assets/Tiles/Pellet_Tile.asset
  artifactKey: Guid(88cb746065874084a8a80f35bc09f776) Importer(2089858483,0ecaa5967403d082aa24f35e1b516d23)
Start importing Assets/Tiles/Pellet_Tile.asset using Guid(88cb746065874084a8a80f35bc09f776) Importer(2089858483,0ecaa5967403d082aa24f35e1b516d23) Generated GUIDs only implemented for interfaces!
 -> (artifact id: 'd9030fa92af71b029cb68205656fbb5b') in 0.304244 seconds
Number of updated asset objects reloaded before import = 0
Number of asset objects unloaded after import = 1
========================================================================
Received Import Request.
  Time since last request: 47.489588 seconds.
  path: Assets/Tiles/PowerPellet_Tile.asset
  artifactKey: Guid(f7be91f52f0af2d4e866cd2ac55c9f04) Importer(815301076,1909f56bfc062723c751e8b465ee728b)
Start importing Assets/Tiles/PowerPellet_Tile.asset using Guid(f7be91f52f0af2d4e866cd2ac55c9f04) Importer(815301076,1909f56bfc062723c751e8b465ee728b)  -> (artifact id: 'd99521924b5576c5bcec3145a0e94c5b') in 0.006542 seconds
Number of updated asset objects reloaded before import = 0
Number of asset objects unloaded after import = 1
========================================================================
Received Import Request.
  Time since last request: 0.920170 seconds.
  path: Assets/Tiles/PowerPellet_Tile.asset
  artifactKey: Guid(f7be91f52f0af2d4e866cd2ac55c9f04) Importer(2089858483,0ecaa5967403d082aa24f35e1b516d23)
Start importing Assets/Tiles/PowerPellet_Tile.asset using Guid(f7be91f52f0af2d4e866cd2ac55c9f04) Importer(2089858483,0ecaa5967403d082aa24f35e1b516d23) Generated GUIDs only implemented for interfaces!
 -> (artifact id: '2af70b750327d7e96eb69e580c9408cb') in 0.012225 seconds
Number of updated asset objects reloaded before import = 0
Number of asset objects unloaded after import = 1
========================================================================
Received Import Request.
  Time since last request: 154.849095 seconds.
  path: Assets/Tiles/Tile_Pallete.prefab
  artifactKey: Guid(a31ef7d6c35c50a4a944972acd91084e) Importer(815301076,1909f56bfc062723c751e8b465ee728b)
Start importing Assets/Tiles/Tile_Pallete.prefab using Guid(a31ef7d6c35c50a4a944972acd91084e) Importer(815301076,1909f56bfc062723c751e8b465ee728b)  -> (artifact id: '96ad33a9697d07b71b083670f289aa9c') in 0.470419 seconds
Number of updated asset objects reloaded before import = 0
Number of asset objects unloaded after import = 132
========================================================================
Received Import Request.
  Time since last request: 0.428079 seconds.
  path: Assets/Tiles/Tile_Pallete.prefab
  artifactKey: Guid(a31ef7d6c35c50a4a944972acd91084e) Importer(2089858483,0ecaa5967403d082aa24f35e1b516d23)
Start importing Assets/Tiles/Tile_Pallete.prefab using Guid(a31ef7d6c35c50a4a944972acd91084e) Importer(2089858483,0ecaa5967403d082aa24f35e1b516d23) Generated GUIDs only implemented for interfaces!
 -> (artifact id: 'bdfc8186aff33d27ccc521761d75b813') in 0.047699 seconds
Number of updated asset objects reloaded before import = 0
Number of asset objects unloaded after import = 10
========================================================================
Received Import Request.
  Time since last request: 2.575702 seconds.
  path: Assets/Tiles/Tile_Pallete.prefab
  artifactKey: Guid(a31ef7d6c35c50a4a944972acd91084e) Importer(815301076,1909f56bfc062723c751e8b465ee728b)
Start importing Assets/Tiles/Tile_Pallete.prefab using Guid(a31ef7d6c35c50a4a944972acd91084e) Importer(815301076,1909f56bfc062723c751e8b465ee728b)  -> (artifact id: 'defdf93a5856160882ae32d903440dd6') in 0.121870 seconds
Number of updated asset objects reloaded before import = 0
Number of asset objects unloaded after import = 140
========================================================================
Received Import Request.
  Time since last request: 0.828735 seconds.
  path: Assets/Tiles/Tile_Pallete.prefab
  artifactKey: Guid(a31ef7d6c35c50a4a944972acd91084e) Importer(2089858483,0ecaa5967403d082aa24f35e1b516d23)
Start importing Assets/Tiles/Tile_Pallete.prefab using Guid(a31ef7d6c35c50a4a944972acd91084e) Importer(2089858483,0ecaa5967403d082aa24f35e1b516d23) Generated GUIDs only implemented for interfaces!
 -> (artifact id: 'd3d4224d8839c45dabcd020e83debe36') in 0.014896 seconds
Number of updated asset objects reloaded before import = 0
Number of asset objects unloaded after import = 10
========================================================================
Received Import Request.
  Time since last request: 1609.683416 seconds.
  path: Assets/Prefabs/Node.prefab
  artifactKey: Guid(5f7f3d3bb3392f249985027096ae8884) Importer(815301076,1909f56bfc062723c751e8b465ee728b)
Start importing Assets/Prefabs/Node.prefab using Guid(5f7f3d3bb3392f249985027096ae8884) Importer(815301076,1909f56bfc062723c751e8b465ee728b)  -> (artifact id: '2fb3aa311d9ce0f90c40dbcc0ef7be30') in 0.002675 seconds
Number of updated asset objects reloaded before import = 0
Number of asset objects unloaded after import = 5
========================================================================
Received Import Request.
  Time since last request: 0.946002 seconds.
  path: Assets/Prefabs/Node.prefab
  artifactKey: Guid(5f7f3d3bb3392f249985027096ae8884) Importer(2089858483,0ecaa5967403d082aa24f35e1b516d23)
Start importing Assets/Prefabs/Node.prefab using Guid(5f7f3d3bb3392f249985027096ae8884) Importer(2089858483,0ecaa5967403d082aa24f35e1b516d23) Generated GUIDs only implemented for interfaces!
 -> (artifact id: 'f63f1edaf96d2f8e029657ba5696a0bd') in 0.009772 seconds
Number of updated asset objects reloaded before import = 0
Number of asset objects unloaded after import = 5
========================================================================
Received Import Request.
  Time since last request: 23.842388 seconds.
  path: Assets/Tiles/New Rule Tile.asset
  artifactKey: Guid(966fb48831fbe0f4a80146a9fde5425e) Importer(815301076,1909f56bfc062723c751e8b465ee728b)
Start importing Assets/Tiles/New Rule Tile.asset using Guid(966fb48831fbe0f4a80146a9fde5425e) Importer(815301076,1909f56bfc062723c751e8b465ee728b)  -> (artifact id: '33ceeaa9b83dc11b728220fec134338a') in 0.001666 seconds
Number of updated asset objects reloaded before import = 0
Number of asset objects unloaded after import = 1
========================================================================
Received Import Request.
  Time since last request: 0.946858 seconds.
  path: Assets/Tiles/New Rule Tile.asset
  artifactKey: Guid(966fb48831fbe0f4a80146a9fde5425e) Importer(2089858483,0ecaa5967403d082aa24f35e1b516d23)
Start importing Assets/Tiles/New Rule Tile.asset using Guid(966fb48831fbe0f4a80146a9fde5425e) Importer(2089858483,0ecaa5967403d082aa24f35e1b516d23) Generated GUIDs only implemented for interfaces!
 -> (artifact id: '2b752017b5d31716cca0a3f0f67db0a8') in 0.005046 seconds
Number of updated asset objects reloaded before import = 0
Number of asset objects unloaded after import = 1
========================================================================
Received Import Request.
  Time since last request: 11.051821 seconds.
  path: Assets/Tiles/Node_Tile.asset
  artifactKey: Guid(966fb48831fbe0f4a80146a9fde5425e) Importer(815301076,1909f56bfc062723c751e8b465ee728b)
Start importing Assets/Tiles/Node_Tile.asset using Guid(966fb48831fbe0f4a80146a9fde5425e) Importer(815301076,1909f56bfc062723c751e8b465ee728b)  -> (artifact id: '9e5bbfe66d00a6fd72f730062c932043') in 0.001572 seconds
Number of updated asset objects reloaded before import = 0
Number of asset objects unloaded after import = 1
========================================================================
Received Import Request.
  Time since last request: 0.975725 seconds.
  path: Assets/Tiles/Node_Tile.asset
  artifactKey: Guid(966fb48831fbe0f4a80146a9fde5425e) Importer(2089858483,0ecaa5967403d082aa24f35e1b516d23)
Start importing Assets/Tiles/Node_Tile.asset using Guid(966fb48831fbe0f4a80146a9fde5425e) Importer(2089858483,0ecaa5967403d082aa24f35e1b516d23) Generated GUIDs only implemented for interfaces!
 -> (artifact id: '620e03e4a2cbc705b1b413a9c7906afe') in 0.005359 seconds
Number of updated asset objects reloaded before import = 0
Number of asset objects unloaded after import = 1
========================================================================
Received Import Request.
  Time since last request: 90.832701 seconds.
  path: Assets/Tiles/Tile_Pallete.prefab
  artifactKey: Guid(a31ef7d6c35c50a4a944972acd91084e) Importer(815301076,1909f56bfc062723c751e8b465ee728b)
Start importing Assets/Tiles/Tile_Pallete.prefab using Guid(a31ef7d6c35c50a4a944972acd91084e) Importer(815301076,1909f56bfc062723c751e8b465ee728b)  -> (artifact id: '933a29d4a768897238445b95ee0334c1') in 0.148167 seconds
Number of updated asset objects reloaded before import = 0
Number of asset objects unloaded after import = 147
========================================================================
Received Import Request.
  Time since last request: 0.828825 seconds.
  path: Assets/Tiles/Tile_Pallete.prefab
  artifactKey: Guid(a31ef7d6c35c50a4a944972acd91084e) Importer(2089858483,0ecaa5967403d082aa24f35e1b516d23)
Start importing Assets/Tiles/Tile_Pallete.prefab using Guid(a31ef7d6c35c50a4a944972acd91084e) Importer(2089858483,0ecaa5967403d082aa24f35e1b516d23) Generated GUIDs only implemented for interfaces!
 -> (artifact id: '010893a46b2c5d8d6b9ee4ff6255bc74') in 0.007483 seconds
Number of updated asset objects reloaded before import = 0
Number of asset objects unloaded after import = 10
========================================================================
Received Import Request.
  Time since last request: 426.401151 seconds.
  path: Assets/Tiles/Node_Tile.asset
  artifactKey: Guid(966fb48831fbe0f4a80146a9fde5425e) Importer(815301076,1909f56bfc062723c751e8b465ee728b)
Start importing Assets/Tiles/Node_Tile.asset using Guid(966fb48831fbe0f4a80146a9fde5425e) Importer(815301076,1909f56bfc062723c751e8b465ee728b)  -> (artifact id: '6798b0a83fdca1db3f70e1eb3668e696') in 0.016625 seconds
Number of updated asset objects reloaded before import = 0
Number of asset objects unloaded after import = 7
========================================================================
Received Import Request.
  Time since last request: 0.000020 seconds.
  path: Assets/Tiles/PowerPellet_Tile.asset
  artifactKey: Guid(f7be91f52f0af2d4e866cd2ac55c9f04) Importer(815301076,1909f56bfc062723c751e8b465ee728b)
Start importing Assets/Tiles/PowerPellet_Tile.asset using Guid(f7be91f52f0af2d4e866cd2ac55c9f04) Importer(815301076,1909f56bfc062723c751e8b465ee728b)  -> (artifact id: 'ecf6f0d9945c597aed01faadda8fa764') in 0.003249 seconds
Number of updated asset objects reloaded before import = 0
Number of asset objects unloaded after import = 8
========================================================================
Received Import Request.
  Time since last request: 0.931319 seconds.
  path: Assets/Tiles/Node_Tile.asset
  artifactKey: Guid(966fb48831fbe0f4a80146a9fde5425e) Importer(2089858483,0ecaa5967403d082aa24f35e1b516d23)
Start importing Assets/Tiles/Node_Tile.asset using Guid(966fb48831fbe0f4a80146a9fde5425e) Importer(2089858483,0ecaa5967403d082aa24f35e1b516d23) Generated GUIDs only implemented for interfaces!
 -> (artifact id: 'bdbae85c297f75b1b2b18e9225717770') in 0.007586 seconds
Number of updated asset objects reloaded before import = 0
Number of asset objects unloaded after import = 6
========================================================================
Received Import Request.
  Time since last request: 0.000014 seconds.
  path: Assets/Scenes/Pacman.unity
  artifactKey: Guid(2cda990e2423bbf4892e6590ba056729) Importer(2089858483,0ecaa5967403d082aa24f35e1b516d23)
Start importing Assets/Scenes/Pacman.unity using Guid(2cda990e2423bbf4892e6590ba056729) Importer(2089858483,0ecaa5967403d082aa24f35e1b516d23) Generated GUIDs only implemented for interfaces!
 -> (artifact id: '1ca55c0097baca8b8826f25b724dd1d8') in 0.004244 seconds
Number of updated asset objects reloaded before import = 0
Number of asset objects unloaded after import = 1
========================================================================
Received Import Request.
  Time since last request: 44.961116 seconds.
  path: Assets/Scripts
  artifactKey: Guid(a0ecc20c8f5ec31469e4e92f29e5fa65) Importer(815301076,1909f56bfc062723c751e8b465ee728b)
Start importing Assets/Scripts using Guid(a0ecc20c8f5ec31469e4e92f29e5fa65) Importer(815301076,1909f56bfc062723c751e8b465ee728b)  -> (artifact id: '4f096048786505736e89b342e209daae') in 0.000650 seconds
Number of updated asset objects reloaded before import = 0
Number of asset objects unloaded after import = 0
========================================================================
Received Import Request.
  Time since last request: 0.969651 seconds.
  path: Assets/Scripts
  artifactKey: Guid(a0ecc20c8f5ec31469e4e92f29e5fa65) Importer(2089858483,0ecaa5967403d082aa24f35e1b516d23)
Start importing Assets/Scripts using Guid(a0ecc20c8f5ec31469e4e92f29e5fa65) Importer(2089858483,0ecaa5967403d082aa24f35e1b516d23) Generated GUIDs only implemented for interfaces!
 -> (artifact id: '0be58a9a2c26dc2a864e132128cfe111') in 0.004391 seconds
Number of updated asset objects reloaded before import = 0
Number of asset objects unloaded after import = 1
========================================================================
Received Import Request.
  Time since last request: 13.172325 seconds.
  path: Assets/Scripts/GameManager.cs
  artifactKey: Guid(5bcacd6d217c43646b0f45a4a5420aa2) Importer(815301076,1909f56bfc062723c751e8b465ee728b)
Start importing Assets/Scripts/GameManager.cs using Guid(5bcacd6d217c43646b0f45a4a5420aa2) Importer(815301076,1909f56bfc062723c751e8b465ee728b)  -> (artifact id: '6703890e8c5e36e004b98299ea00205b') in 0.000617 seconds
Number of updated asset objects reloaded before import = 0
Number of asset objects unloaded after import = 0
========================================================================
Received Import Request.
  Time since last request: 0.241418 seconds.
  path: Assets/Scripts/GameManager.cs
  artifactKey: Guid(5bcacd6d217c43646b0f45a4a5420aa2) Importer(2089858483,0ecaa5967403d082aa24f35e1b516d23)
Start importing Assets/Scripts/GameManager.cs using Guid(5bcacd6d217c43646b0f45a4a5420aa2) Importer(2089858483,0ecaa5967403d082aa24f35e1b516d23) Generated GUIDs only implemented for interfaces!
 -> (artifact id: 'fd4912ba039b178333e5ff13afa5e7e9') in 0.008045 seconds
Number of updated asset objects reloaded before import = 0
Number of asset objects unloaded after import = 1
========================================================================
Received Prepare
Begin MonoManager ReloadAssembly
Symbol file LoadedFromMemory doesn't match image C:\Pacman\Library\PackageCache\com.unity.visualscripting@1.8.0\Editor\VisualScripting.Core\Dependencies\YamlDotNet\Unity.VisualScripting.YamlDotNet.dll
Symbol file LoadedFromMemory doesn't match image C:\Pacman\Library\PackageCache\com.unity.visualscripting@1.8.0\Editor\VisualScripting.Core\Dependencies\DotNetZip\Unity.VisualScripting.IonicZip.dll
- Loaded All Assemblies, in  1.065 seconds
Refreshing native plugins compatible for Editor in 8.77 ms, found 4 plugins.
Native extension for WindowsStandalone target not found
Native extension for Android target not found
Native extension for WebGL target not found
Mono: successfully reloaded assembly
- Finished resetting the current domain, in  4.004 seconds
Domain Reload Profiling: 5062ms
	BeginReloadAssembly (202ms)
		ExecutionOrderSort (0ms)
		DisableScriptedObjects (16ms)
		BackupInstance (0ms)
		ReleaseScriptingObjects (0ms)
		CreateAndSetChildDomain (49ms)
	RebuildCommonClasses (96ms)
	RebuildNativeTypeToScriptingClass (13ms)
	initialDomainReloadingComplete (44ms)
	LoadAllAssembliesAndSetupDomain (703ms)
		LoadAssemblies (378ms)
		RebuildTransferFunctionScriptingTraits (0ms)
		AnalyzeDomain (406ms)
			TypeCache.Refresh (396ms)
				TypeCache.ScanAssembly (382ms)
			ScanForSourceGeneratedMonoScriptInfo (4ms)
			ResolveRequiredComponents (5ms)
	FinalizeReload (4004ms)
		ReleaseScriptCaches (0ms)
		RebuildScriptCaches (0ms)
		SetupLoadedEditorAssemblies (489ms)
			LogAssemblyErrors (0ms)
			InitializePlatformSupportModulesInManaged (37ms)
			SetLoadedEditorAssemblies (4ms)
			RefreshPlugins (0ms)
			BeforeProcessingInitializeOnLoad (105ms)
			ProcessInitializeOnLoadAttributes (284ms)
			ProcessInitializeOnLoadMethodAttributes (43ms)
			AfterProcessingInitializeOnLoad (16ms)
			EditorAssembliesLoaded (0ms)
		ExecutionOrderSort2 (0ms)
		AwakeInstancesAfterBackupRestoration (18ms)
Refreshing native plugins compatible for Editor in 7.78 ms, found 4 plugins.
Preloading 0 native plugins for Editor in 0.00 ms.
Unloading 3993 Unused Serialized files (Serialized files now loaded: 0)
Unloading 41 unused Assets / (216.9 KB). Loaded Objects now: 4476.
Memory consumption went from 141.9 MB to 141.7 MB.
Total: 3.833500 ms (FindLiveObjects: 0.281500 ms CreateObjectMapping: 0.259800 ms MarkObjects: 3.118500 ms  DeleteObjects: 0.172700 ms)

Prepare: number of updated asset objects reloaded= 0
AssetImportParameters requested are different than current active one (requested -> active):
  custom:container-demuxer-ogg: 62fdf1f143b41e24485cea50d1cbac27 -> 
  custom:video-decoder-ogg-theora: a1e56fd34408186e4bbccfd4996cb3dc -> 
  custom:framework-win-MediaFoundation: 216162199b28c13a410421893ffa2e32 -> 
  custom:CustomObjectIndexerAttribute: 756ad292c208cfabdd7b50bc23989ffe -> 
  custom:container-demuxer-webm: 4f35f7cbe854078d1ac9338744f61a02 -> 
  custom:container-muxer-webm: aa71ff27fc2769a1b78a27578f13a17b -> 
  custom:video-decoder-webm-vp8: 9c59270c3fd7afecdb556c50c9e8de78 -> 
  custom:SearchIndexIgnoredProperties: e643bd26f0fe6173181afceb89e7c659 -> 
  custom:AudioImporter_EditorPlatform: d09bf68614088b80899f8185d706f6e7 -> 
  custom:video-encoder-webm-vp8: eb34c28f22e8b96e1ab97ce403110664 -> 
  custom:audio-decoder-ogg-vorbis: bf7c407c2cedff20999df2af8eb42d56 -> 
  custom:audio-encoder-webm-vorbis: bf7c407c2cedff20999df2af8eb42d56 -> 
========================================================================
Received Import Request.
  Time since last request: 22.320197 seconds.
  path: Assets/Scripts/GameManager.cs
  artifactKey: Guid(5bcacd6d217c43646b0f45a4a5420aa2) Importer(815301076,1909f56bfc062723c751e8b465ee728b)
Start importing Assets/Scripts/GameManager.cs using Guid(5bcacd6d217c43646b0f45a4a5420aa2) Importer(815301076,1909f56bfc062723c751e8b465ee728b)  -> (artifact id: '71fbd4a941d22297693082c71d4cc3ff') in 0.004753 seconds
Number of updated asset objects reloaded before import = 0
Number of asset objects unloaded after import = 0
========================================================================
Received Import Request.
  Time since last request: 295.021088 seconds.
  path: Assets/Scripts/GameManager.cs
  artifactKey: Guid(5bcacd6d217c43646b0f45a4a5420aa2) Importer(815301076,1909f56bfc062723c751e8b465ee728b)
Start importing Assets/Scripts/GameManager.cs using Guid(5bcacd6d217c43646b0f45a4a5420aa2) Importer(815301076,1909f56bfc062723c751e8b465ee728b)  -> (artifact id: '65d9bafb72c8e4aaafc7febbdfea48d4') in 0.000606 seconds
Number of updated asset objects reloaded before import = 0
Number of asset objects unloaded after import = 0
========================================================================
Received Prepare
Begin MonoManager ReloadAssembly
Symbol file LoadedFromMemory doesn't match image C:\Pacman\Library\PackageCache\com.unity.visualscripting@1.8.0\Editor\VisualScripting.Core\Dependencies\YamlDotNet\Unity.VisualScripting.YamlDotNet.dll
Symbol file LoadedFromMemory doesn't match image C:\Pacman\Library\PackageCache\com.unity.visualscripting@1.8.0\Editor\VisualScripting.Core\Dependencies\DotNetZip\Unity.VisualScripting.IonicZip.dll
- Loaded All Assemblies, in  0.858 seconds
Refreshing native plugins compatible for Editor in 8.62 ms, found 4 plugins.
Native extension for WindowsStandalone target not found
Native extension for Android target not found
Native extension for WebGL target not found
Mono: successfully reloaded assembly
- Finished resetting the current domain, in  3.263 seconds
Domain Reload Profiling: 4112ms
	BeginReloadAssembly (186ms)
		ExecutionOrderSort (0ms)
		DisableScriptedObjects (13ms)
		BackupInstance (0ms)
		ReleaseScriptingObjects (0ms)
		CreateAndSetChildDomain (38ms)
	RebuildCommonClasses (35ms)
	RebuildNativeTypeToScriptingClass (12ms)
	initialDomainReloadingComplete (39ms)
	LoadAllAssembliesAndSetupDomain (576ms)
		LoadAssemblies (334ms)
		RebuildTransferFunctionScriptingTraits (0ms)
		AnalyzeDomain (318ms)
			TypeCache.Refresh (310ms)
				TypeCache.ScanAssembly (296ms)
			ScanForSourceGeneratedMonoScriptInfo (4ms)
			ResolveRequiredComponents (4ms)
	FinalizeReload (3263ms)
		ReleaseScriptCaches (0ms)
		RebuildScriptCaches (0ms)
		SetupLoadedEditorAssemblies (357ms)
			LogAssemblyErrors (0ms)
			InitializePlatformSupportModulesInManaged (32ms)
			SetLoadedEditorAssemblies (3ms)
			RefreshPlugins (0ms)
			BeforeProcessingInitializeOnLoad (76ms)
			ProcessInitializeOnLoadAttributes (204ms)
			ProcessInitializeOnLoadMethodAttributes (29ms)
			AfterProcessingInitializeOnLoad (12ms)
			EditorAssembliesLoaded (0ms)
		ExecutionOrderSort2 (0ms)
		AwakeInstancesAfterBackupRestoration (16ms)
Refreshing native plugins compatible for Editor in 8.61 ms, found 4 plugins.
Preloading 0 native plugins for Editor in 0.00 ms.
Unloading 3993 Unused Serialized files (Serialized files now loaded: 0)
Unloading 41 unused Assets / (217.3 KB). Loaded Objects now: 4480.
Memory consumption went from 141.9 MB to 141.7 MB.
Total: 4.349100 ms (FindLiveObjects: 0.278900 ms CreateObjectMapping: 0.691000 ms MarkObjects: 3.145200 ms  DeleteObjects: 0.233100 ms)

Prepare: number of updated asset objects reloaded= 0
AssetImportParameters requested are different than current active one (requested -> active):
  custom:container-demuxer-ogg: 62fdf1f143b41e24485cea50d1cbac27 -> 
  custom:video-decoder-ogg-theora: a1e56fd34408186e4bbccfd4996cb3dc -> 
  custom:framework-win-MediaFoundation: 216162199b28c13a410421893ffa2e32 -> 
  custom:CustomObjectIndexerAttribute: 756ad292c208cfabdd7b50bc23989ffe -> 
  custom:container-demuxer-webm: 4f35f7cbe854078d1ac9338744f61a02 -> 
  custom:container-muxer-webm: aa71ff27fc2769a1b78a27578f13a17b -> 
  custom:video-decoder-webm-vp8: 9c59270c3fd7afecdb556c50c9e8de78 -> 
  custom:SearchIndexIgnoredProperties: e643bd26f0fe6173181afceb89e7c659 -> 
  custom:AudioImporter_EditorPlatform: d09bf68614088b80899f8185d706f6e7 -> 
  custom:video-encoder-webm-vp8: eb34c28f22e8b96e1ab97ce403110664 -> 
  custom:audio-decoder-ogg-vorbis: bf7c407c2cedff20999df2af8eb42d56 -> 
  custom:audio-encoder-webm-vorbis: bf7c407c2cedff20999df2af8eb42d56 -> 
========================================================================
Received Prepare
Begin MonoManager ReloadAssembly
- Loaded All Assemblies, in  0.432 seconds
Refreshing native plugins compatible for Editor in 2.35 ms, found 0 plugins.
Native extension for WindowsStandalone target not found
Native extension for Android target not found
Native extension for WebGL target not found
Mono: successfully reloaded assembly
- Finished resetting the current domain, in  0.426 seconds
Domain Reload Profiling: 857ms
	BeginReloadAssembly (170ms)
		ExecutionOrderSort (0ms)
		DisableScriptedObjects (12ms)
		BackupInstance (0ms)
		ReleaseScriptingObjects (0ms)
		CreateAndSetChildDomain (40ms)
	RebuildCommonClasses (39ms)
	RebuildNativeTypeToScriptingClass (19ms)
	initialDomainReloadingComplete (33ms)
	LoadAllAssembliesAndSetupDomain (169ms)
		LoadAssemblies (93ms)
		RebuildTransferFunctionScriptingTraits (0ms)
		AnalyzeDomain (151ms)
			TypeCache.Refresh (150ms)
				TypeCache.ScanAssembly (143ms)
			ScanForSourceGeneratedMonoScriptInfo (0ms)
			ResolveRequiredComponents (0ms)
	FinalizeReload (427ms)
		ReleaseScriptCaches (0ms)
		RebuildScriptCaches (0ms)
		SetupLoadedEditorAssemblies (267ms)
			LogAssemblyErrors (0ms)
			InitializePlatformSupportModulesInManaged (35ms)
			SetLoadedEditorAssemblies (5ms)
			RefreshPlugins (0ms)
			BeforeProcessingInitializeOnLoad (82ms)
			ProcessInitializeOnLoadAttributes (114ms)
			ProcessInitializeOnLoadMethodAttributes (20ms)
			AfterProcessingInitializeOnLoad (12ms)
			EditorAssembliesLoaded (0ms)
		ExecutionOrderSort2 (0ms)
		AwakeInstancesAfterBackupRestoration (7ms)
Refreshing native plugins compatible for Editor in 2.70 ms, found 0 plugins.
Preloading 0 native plugins for Editor in 0.00 ms.
Unloading 2 Unused Serialized files (Serialized files now loaded: 0)
Unloading 1709 unused Assets / (1.0 MB). Loaded Objects now: 2769.
Memory consumption went from 69.7 MB to 68.7 MB.
Total: 5.154200 ms (FindLiveObjects: 0.460700 ms CreateObjectMapping: 0.456300 ms MarkObjects: 2.755600 ms  DeleteObjects: 1.480800 ms)

Prepare: number of updated asset objects reloaded= 0
AssetImportParameters requested are different than current active one (requested -> active):
  custom:scripting/monoscript/fileName/AnimationPlayableAsset.cs: 009db08c97e92a2c69986ab256d074e2 -> 
  custom:container-demuxer-ogg: 62fdf1f143b41e24485cea50d1cbac27 -> 
  custom:scripting/monoscript/fileName/AnimationTrack.cs: 579258c150686ede8cacf1f75da21715 -> 
  custom:video-decoder-ogg-theora: a1e56fd34408186e4bbccfd4996cb3dc -> 
  custom:framework-win-MediaFoundation: 216162199b28c13a410421893ffa2e32 -> 
  custom:scripting/monoscript/fileName/IsometricRuleTile.cs: 226477e0fda8299a797033f4381d7b8f -> 
  custom:scripting/monoscript/fileName/TextMeshPro.cs: 0cfab9de2f927cf0a5e3dc6276498acd -> 
  custom:CustomObjectIndexerAttribute: 756ad292c208cfabdd7b50bc23989ffe -> 
  custom:container-demuxer-webm: 4f35f7cbe854078d1ac9338744f61a02 -> 
  custom:scripting/monoscript/fileName/AsepriteImporter.cs: 75abe4fbe831928e105d619d45f5475b -> 
  custom:scripting/monoscript/fileName/TimelineAssetViewModel.cs: 18a79fa063972d49f8538ad72ae7e75c -> 
  custom:container-muxer-webm: aa71ff27fc2769a1b78a27578f13a17b -> 
  custom:video-decoder-webm-vp8: 9c59270c3fd7afecdb556c50c9e8de78 -> 
  custom:SearchIndexIgnoredProperties: e643bd26f0fe6173181afceb89e7c659 -> 
  custom:AudioImporter_EditorPlatform: d09bf68614088b80899f8185d706f6e7 -> 
  custom:scripting/monoscript/fileName/RuleTile.cs: f5f493643c39cafead8f05df075b38cf -> 
  custom:scripting/monoscript/fileName/TextMeshProUGUI.cs: b783d06a82b0620f102e3253b4b9fc9b -> 
  custom:scripting/monoscript/fileName/PSDImporter.cs: 426789f17a6318790dfce4403b2d57e3 -> 
  custom:video-encoder-webm-vp8: eb34c28f22e8b96e1ab97ce403110664 -> 
  custom:audio-decoder-ogg-vorbis: bf7c407c2cedff20999df2af8eb42d56 -> 
  custom:scripting/monoscript/fileName/IKManager2D.cs: 3556a5b41605dae06bbc257d2027da25 -> 
  custom:scripting/monoscript/fileName/TimelineAsset.cs: 922c4504d3900c9d0f1009b93072bf15 -> 
  custom:scripting/monoscript/fileName/HexagonalRuleTile.cs: 06dd7fca2700fb4aaa03a7cd13f58833 -> 
  custom:audio-encoder-webm-vorbis: bf7c407c2cedff20999df2af8eb42d56 -> 
  custom:scripting/monoscript/fileName/TrackAsset.cs: 05c366eb01e12385210cbb2c784bc95b -> 
  custom:scripting/monoscript/fileName/TimelineWindow.cs: 1ecae22b1c6d42e0f96084d9a8d5699a -> 
